#
# There is insufficient memory for the Java Runtime Environment to continue.
# Native memory allocation (malloc) failed to allocate 592496 bytes for Chunk::new
# Possible reasons:
#   The system is out of physical RAM or swap space
#   The process is running with CompressedOops enabled, and the Java Heap may be blocking the growth of the native heap
# Possible solutions:
#   Reduce memory load on the system
#   Increase physical memory or swap space
#   Check if swap backing store is full
#   Decrease Java heap size (-Xmx/-Xms)
#   Decrease number of Java threads
#   Decrease Java thread stack sizes (-Xss)
#   Set larger code cache with -XX:ReservedCodeCacheSize=
#   JVM is running with Unscaled Compressed Oops mode in which the Java heap is
#     placed in the first 4GB address space. The Java Heap base address is the
#     maximum limit for the native heap growth. Please use -XX:HeapBaseMinAddress
#     to set the Java Heap base and to place the Java Heap above 4GB virtual address.
# This output file may be truncated or incomplete.
#
#  Out of Memory Error (./src/hotspot/share/memory/arena.cpp:197), pid=27252, tid=4432
#
# JRE version: OpenJDK Runtime Environment (11.0.13) (build 11.0.13+0-b1751.21-8125866)
# Java VM: OpenJDK 64-Bit Server VM (11.0.13+0-b1751.21-8125866, mixed mode, tiered, compressed oops, g1 gc, windows-amd64)
# No core dump will be written. Minidumps are not enabled by default on client versions of Windows
#

---------------  S U M M A R Y ------------

Command Line: --add-opens=java.base/java.util=ALL-UNNAMED --add-opens=java.base/java.lang=ALL-UNNAMED --add-opens=java.base/java.lang.invoke=ALL-UNNAMED --add-opens=java.base/java.util=ALL-UNNAMED --add-opens=java.prefs/java.util.prefs=ALL-UNNAMED --add-opens=java.prefs/java.util.prefs=ALL-UNNAMED --add-opens=java.base/java.nio.charset=ALL-UNNAMED --add-opens=java.base/java.net=ALL-UNNAMED --add-opens=java.base/java.util.concurrent.atomic=ALL-UNNAMED -Xmx1536M -Dfile.encoding=windows-1252 -Duser.country=MX -Duser.language=es -Duser.variant org.gradle.launcher.daemon.bootstrap.GradleDaemon 7.5

Host: 11th Gen Intel(R) Core(TM) i5-1135G7 @ 2.40GHz, 8 cores, 15G,  Windows 11 , 64 bit Build 22000 (10.0.22000.2360)
Time: Fri Nov  3 14:23:00 2023 Hora de verano de Cuba elapsed time: 6932.063341 seconds (0d 1h 55m 32s)

---------------  T H R E A D  ---------------

Current thread (0x000001544ecbd800):  JavaThread "C2 CompilerThread1" daemon [_thread_in_native, id=4432, stack(0x00000052c6200000,0x00000052c6300000)]


Current CompileTask:
C2:6932063 15067       4       org.gradle.internal.serialize.kryo.StringDeduplicatingKryoBackedEncoder::writeString (20 bytes)

Stack: [0x00000052c6200000,0x00000052c6300000]
Native frames: (J=compiled Java code, j=interpreted, Vv=VM code, C=native code)
V  [jvm.dll+0x6100fa]
V  [jvm.dll+0x747090]
V  [jvm.dll+0x7486ad]
V  [jvm.dll+0x748d83]
V  [jvm.dll+0x24ab48]
V  [jvm.dll+0xc04dc]
V  [jvm.dll+0xc0a0c]
V  [jvm.dll+0x35eb9d]
V  [jvm.dll+0x19d9bc]
V  [jvm.dll+0x2033be]
V  [jvm.dll+0x202437]
V  [jvm.dll+0x188e01]
V  [jvm.dll+0x21106b]
V  [jvm.dll+0x20f8c1]
V  [jvm.dll+0x70de0f]
V  [jvm.dll+0x706a75]
V  [jvm.dll+0x60ed66]
C  [ucrtbase.dll+0x26c0c]
C  [KERNEL32.DLL+0x153e0]
C  [ntdll.dll+0x485b]


---------------  P R O C E S S  ---------------

Threads class SMR info:
_java_thread_list=0x0000015452ccfb90, length=126, elements={
0x000001543155f000, 0x000001544a72e800, 0x000001544af74800, 0x000001544afd0800,
0x000001544afd3800, 0x000001544afd4800, 0x000001544afda800, 0x000001544afdc000,
0x000001544afdd800, 0x000001544b154000, 0x000001544c439000, 0x000001544c570000,
0x000001544d5e5800, 0x000001544bfa4000, 0x000001544bfa8000, 0x000001544bfa5800,
0x000001544bfa2000, 0x000001544bfa6000, 0x000001544bfa8800, 0x0000015451a55000,
0x0000015451a52000, 0x0000015451a57000, 0x0000015451a5c800, 0x0000015451a59800,
0x0000015451a5e000, 0x0000015452310000, 0x0000015452311000, 0x0000015452313800,
0x0000015452314000, 0x000001545230f800, 0x000001545252d000, 0x000001545252b800,
0x0000015452529000, 0x000001545252a000, 0x0000015452528000, 0x000001545252c800,
0x000001545252a800, 0x0000015452526800, 0x000001544ecbd800, 0x0000015452527800,
0x0000015452531000, 0x0000015452532000, 0x0000015452530800, 0x0000015452533000,
0x000001545252f800, 0x0000015452533800, 0x000001545252e000, 0x0000015452534800,
0x000001545252e800, 0x0000015452535000, 0x0000015452317800, 0x0000015452312800,
0x0000015452311800, 0x0000015452319000, 0x000001545231d000, 0x0000015452318000,
0x000001545231a000, 0x000001545231c800, 0x000001545231b800, 0x000001545231a800,
0x000001545231e000, 0x0000015456b91000, 0x0000015456b91800, 0x0000015456b94000,
0x0000015456b8e800, 0x0000015456b95000, 0x0000015456b92800, 0x0000015456b8f000,
0x0000015456b90000, 0x0000015451a5a000, 0x0000015451a58800, 0x0000015451a54800,
0x0000015451a5b000, 0x0000015451a5b800, 0x0000015451a56000, 0x0000015451a5f000,
0x0000015451a5d800, 0x000001544bfa4800, 0x000001544bfa3000, 0x000001544bfa7000,
0x0000015453436000, 0x0000015453439000, 0x0000015453434000, 0x000001545343b000,
0x0000015453438800, 0x0000015453435000, 0x0000015453437800, 0x0000015453436800,
0x000001545343c800, 0x000001545343d000, 0x000001545343f800, 0x000001545343b800,
0x000001545343e000, 0x000001545343a000, 0x0000015453440800, 0x0000015453442000,
0x0000015453443000, 0x000001545343f000, 0x0000015453441800, 0x00000154502f9000,
0x00000154502f3800, 0x00000154502fa000, 0x00000154502f4000, 0x00000154502f5800,
0x00000154502f6800, 0x00000154502f5000, 0x00000154502f7800, 0x00000154502f8000,
0x000001544ef8d000, 0x000001544ef89000, 0x000001544ef8a000, 0x000001544ef8b800,
0x000001544ef8a800, 0x000001544ef88800, 0x000001544ef92000, 0x000001544ef8e000,
0x000001544ef8f800, 0x000001544ef8f000, 0x000001544ef91800, 0x000001544ef8c800,
0x000001544ef90800, 0x000001544ef93000, 0x000001544ef93800, 0x000001544ef95800,
0x000001544ef94800, 0x000001544ecc1000
}

Java Threads: ( => current thread )
  0x000001543155f000 JavaThread "main" [_thread_blocked, id=35492, stack(0x00000052c4500000,0x00000052c4600000)]
  0x000001544a72e800 JavaThread "Reference Handler" daemon [_thread_blocked, id=35292, stack(0x00000052c4c00000,0x00000052c4d00000)]
  0x000001544af74800 JavaThread "Finalizer" daemon [_thread_blocked, id=33212, stack(0x00000052c4d00000,0x00000052c4e00000)]
  0x000001544afd0800 JavaThread "Signal Dispatcher" daemon [_thread_blocked, id=32760, stack(0x00000052c4e00000,0x00000052c4f00000)]
  0x000001544afd3800 JavaThread "Attach Listener" daemon [_thread_blocked, id=32584, stack(0x00000052c4f00000,0x00000052c5000000)]
  0x000001544afd4800 JavaThread "Service Thread" daemon [_thread_blocked, id=18596, stack(0x00000052c5000000,0x00000052c5100000)]
  0x000001544afda800 JavaThread "C2 CompilerThread0" daemon [_thread_in_native, id=34084, stack(0x00000052c5100000,0x00000052c5200000)]
  0x000001544afdc000 JavaThread "C1 CompilerThread0" daemon [_thread_blocked, id=31324, stack(0x00000052c5200000,0x00000052c5300000)]
  0x000001544afdd800 JavaThread "Sweeper thread" daemon [_thread_blocked, id=33496, stack(0x00000052c5300000,0x00000052c5400000)]
  0x000001544b154000 JavaThread "Common-Cleaner" daemon [_thread_blocked, id=34892, stack(0x00000052c5400000,0x00000052c5500000)]
  0x000001544c439000 JavaThread "Daemon health stats" [_thread_blocked, id=19032, stack(0x00000052c5d00000,0x00000052c5e00000)]
  0x000001544c570000 JavaThread "Incoming local TCP Connector on port 62305" [_thread_in_native, id=31632, stack(0x00000052c5600000,0x00000052c5700000)]
  0x000001544d5e5800 JavaThread "Daemon periodic checks" [_thread_blocked, id=33084, stack(0x00000052c5c00000,0x00000052c5d00000)]
  0x000001544bfa4000 JavaThread "Cache worker for journal cache (C:\Users\Ryuuzaki\.gradle\caches\journal-1)" [_thread_in_Java, id=21432, stack(0x00000052c6500000,0x00000052c6600000)]
  0x000001544bfa8000 JavaThread "File lock request listener" [_thread_in_native, id=34796, stack(0x00000052c6600000,0x00000052c6700000)]
  0x000001544bfa5800 JavaThread "Cache worker for file hash cache (C:\Users\Ryuuzaki\.gradle\caches\7.5\fileHashes)" [_thread_blocked, id=30176, stack(0x00000052c6700000,0x00000052c6800000)]
  0x000001544bfa2000 JavaThread "File watcher server" daemon [_thread_in_native, id=21332, stack(0x00000052c6d00000,0x00000052c6e00000)]
  0x000001544bfa6000 JavaThread "File watcher consumer" daemon [_thread_blocked, id=25136, stack(0x00000052c6e00000,0x00000052c6f00000)]
  0x000001544bfa8800 JavaThread "Cache worker for file content cache (C:\Users\Ryuuzaki\.gradle\caches\7.5\fileContent)" [_thread_blocked, id=34864, stack(0x00000052c7100000,0x00000052c7200000)]
  0x0000015451a55000 JavaThread "Cache worker for execution history cache (C:\Users\Ryuuzaki\.gradle\caches\7.5\executionHistory)" [_thread_blocked, id=35220, stack(0x00000052c7400000,0x00000052c7500000)]
  0x0000015451a52000 JavaThread "jar transforms" [_thread_blocked, id=32508, stack(0x00000052c7500000,0x00000052c7600000)] _threads_hazard_ptr=0x0000015452ccfb90
  0x0000015451a57000 JavaThread "jar transforms Thread 2" [_thread_in_Java, id=16168, stack(0x00000052c7600000,0x00000052c7700000)]
  0x0000015451a5c800 JavaThread "jar transforms Thread 3" [_thread_blocked, id=27116, stack(0x00000052c7700000,0x00000052c7800000)]
  0x0000015451a59800 JavaThread "jar transforms Thread 4" [_thread_in_native, id=35336, stack(0x00000052c7800000,0x00000052c7900000)]
  0x0000015451a5e000 JavaThread "jar transforms Thread 5" [_thread_blocked, id=16752, stack(0x00000052c7a00000,0x00000052c7b00000)]
  0x0000015452310000 JavaThread "jar transforms Thread 6" [_thread_in_Java, id=30576, stack(0x00000052ccc00000,0x00000052ccd00000)]
  0x0000015452311000 JavaThread "jar transforms Thread 7" [_thread_in_Java, id=26096, stack(0x00000052ccd00000,0x00000052cce00000)]
  0x0000015452313800 JavaThread "jar transforms Thread 8" [_thread_in_native, id=29804, stack(0x00000052cce00000,0x00000052ccf00000)]
  0x0000015452314000 JavaThread "Memory manager" [_thread_blocked, id=12280, stack(0x00000052ccf00000,0x00000052cd000000)]
  0x000001545230f800 JavaThread "Cache worker for kotlin-dsl (C:\Users\Ryuuzaki\.gradle\caches\7.5\kotlin-dsl)" [_thread_blocked, id=11108, stack(0x00000052cd000000,0x00000052cd100000)]
  0x000001545252d000 JavaThread "ForkJoinPool.commonPool-worker-5" daemon [_thread_blocked, id=31552, stack(0x00000052ce900000,0x00000052cea00000)]
  0x000001545252b800 JavaThread "Daemon Thread 2" [_thread_blocked, id=28004, stack(0x00000052c4200000,0x00000052c4300000)]
  0x0000015452529000 JavaThread "Handler for socket connection from /127.0.0.1:62305 to /127.0.0.1:56120" [_thread_in_native, id=24120, stack(0x00000052c4300000,0x00000052c4400000)]
  0x000001545252a000 JavaThread "Cancel handler" [_thread_blocked, id=32668, stack(0x00000052c4400000,0x00000052c4500000)]
  0x0000015452528000 JavaThread "Daemon worker Thread 2" [_thread_blocked, id=35712, stack(0x00000052c5e00000,0x00000052c5f00000)]
  0x000001545252c800 JavaThread "Asynchronous log dispatcher for DefaultDaemonConnection: socket connection from /127.0.0.1:62305 to /127.0.0.1:56120" [_thread_blocked, id=31220, stack(0x00000052c5f00000,0x00000052c6000000)]
  0x000001545252a800 JavaThread "Stdin handler" [_thread_blocked, id=34220, stack(0x00000052c6000000,0x00000052c6100000)]
  0x0000015452526800 JavaThread "Daemon client event forwarder" [_thread_blocked, id=13284, stack(0x00000052c6100000,0x00000052c6200000)]
=>0x000001544ecbd800 JavaThread "C2 CompilerThread1" daemon [_thread_in_native, id=4432, stack(0x00000052c6200000,0x00000052c6300000)]
  0x0000015452527800 JavaThread "Cache worker for checksums cache (D:\Lab\Proy\CU\Dorje\LUISSO-DORJE\generar formulario\form_generator\android\.gradle\7.5\checksums)" [_thread_blocked, id=34452, stack(0x00000052c6300000,0x00000052c6400000)]
  0x0000015452531000 JavaThread "Cache worker for cache directory md-rule (C:\Users\Ryuuzaki\.gradle\caches\7.5\md-rule)" [_thread_blocked, id=33520, stack(0x00000052c6400000,0x00000052c6500000)]
  0x0000015452532000 JavaThread "Cache worker for file hash cache (D:\Lab\Proy\CU\Dorje\LUISSO-DORJE\generar formulario\form_generator\android\.gradle\7.5\fileHashes)" [_thread_blocked, id=23232, stack(0x00000052c6b00000,0x00000052c6c00000)]
  0x0000015452530800 JavaThread "Cache worker for cache directory md-supplier (C:\Users\Ryuuzaki\.gradle\caches\7.5\md-supplier)" [_thread_blocked, id=30768, stack(0x00000052c6c00000,0x00000052c6d00000)]
  0x0000015452533000 JavaThread "Cache worker for dependencies-accessors (D:\Lab\Proy\CU\Dorje\LUISSO-DORJE\generar formulario\form_generator\android\.gradle\7.5\dependencies-accessors)" [_thread_blocked, id=6912, stack(0x00000052c6f00000,0x00000052c7000000)]
  0x000001545252f800 JavaThread "Cache worker for Build Output Cleanup Cache (D:\Lab\Proy\CU\Dorje\LUISSO-DORJE\generar formulario\form_generator\android\.gradle\buildOutputCleanup)" [_thread_blocked, id=26920, stack(0x00000052c7000000,0x00000052c7100000)]
  0x0000015452533800 JavaThread "Unconstrained build operations" [_thread_blocked, id=5104, stack(0x00000052c7200000,0x00000052c7300000)]
  0x000001545252e000 JavaThread "Unconstrained build operations Thread 2" [_thread_blocked, id=28520, stack(0x00000052c7300000,0x00000052c7400000)]
  0x0000015452534800 JavaThread "Unconstrained build operations Thread 3" [_thread_blocked, id=28272, stack(0x00000052c7900000,0x00000052c7a00000)]
  0x000001545252e800 JavaThread "Unconstrained build operations Thread 4" [_thread_blocked, id=34784, stack(0x00000052c7b00000,0x00000052c7c00000)]
  0x0000015452535000 JavaThread "Unconstrained build operations Thread 5" [_thread_blocked, id=32380, stack(0x00000052c7c00000,0x00000052c7d00000)]
  0x0000015452317800 JavaThread "Unconstrained build operations Thread 6" [_thread_blocked, id=22908, stack(0x00000052c7d00000,0x00000052c7e00000)]
  0x0000015452312800 JavaThread "Unconstrained build operations Thread 7" [_thread_blocked, id=23484, stack(0x00000052c7e00000,0x00000052c7f00000)]
  0x0000015452311800 JavaThread "Unconstrained build operations Thread 8" [_thread_blocked, id=33864, stack(0x00000052c7f00000,0x00000052c8000000)]
  0x0000015452319000 JavaThread "Unconstrained build operations Thread 9" [_thread_blocked, id=33476, stack(0x00000052c8000000,0x00000052c8100000)]
  0x000001545231d000 JavaThread "Unconstrained build operations Thread 10" [_thread_blocked, id=7732, stack(0x00000052c8100000,0x00000052c8200000)]
  0x0000015452318000 JavaThread "Unconstrained build operations Thread 11" [_thread_blocked, id=19216, stack(0x00000052c8200000,0x00000052c8300000)]
  0x000001545231a000 JavaThread "Unconstrained build operations Thread 12" [_thread_blocked, id=20564, stack(0x00000052c8300000,0x00000052c8400000)]
  0x000001545231c800 JavaThread "Unconstrained build operations Thread 13" [_thread_blocked, id=33128, stack(0x00000052c8400000,0x00000052c8500000)]
  0x000001545231b800 JavaThread "Unconstrained build operations Thread 14" [_thread_blocked, id=29312, stack(0x00000052c8500000,0x00000052c8600000)]
  0x000001545231a800 JavaThread "Unconstrained build operations Thread 15" [_thread_blocked, id=23064, stack(0x00000052c8600000,0x00000052c8700000)]
  0x000001545231e000 JavaThread "Unconstrained build operations Thread 16" [_thread_blocked, id=31928, stack(0x00000052c8700000,0x00000052c8800000)]
  0x0000015456b91000 JavaThread "Unconstrained build operations Thread 17" [_thread_blocked, id=29780, stack(0x00000052c8800000,0x00000052c8900000)]
  0x0000015456b91800 JavaThread "Unconstrained build operations Thread 18" [_thread_blocked, id=21400, stack(0x00000052c8900000,0x00000052c8a00000)]
  0x0000015456b94000 JavaThread "Unconstrained build operations Thread 19" [_thread_blocked, id=33744, stack(0x00000052c8a00000,0x00000052c8b00000)]
  0x0000015456b8e800 JavaThread "Unconstrained build operations Thread 20" [_thread_blocked, id=11552, stack(0x00000052c8b00000,0x00000052c8c00000)]
  0x0000015456b95000 JavaThread "Unconstrained build operations Thread 21" [_thread_blocked, id=33388, stack(0x00000052c8c00000,0x00000052c8d00000)]
  0x0000015456b92800 JavaThread "Unconstrained build operations Thread 22" [_thread_blocked, id=29660, stack(0x00000052c8d00000,0x00000052c8e00000)]
  0x0000015456b8f000 JavaThread "Unconstrained build operations Thread 23" [_thread_blocked, id=29740, stack(0x00000052c8e00000,0x00000052c8f00000)]
  0x0000015456b90000 JavaThread "Unconstrained build operations Thread 24" [_thread_blocked, id=18912, stack(0x00000052c8f00000,0x00000052c9000000)]
  0x0000015451a5a000 JavaThread "Unconstrained build operations Thread 25" [_thread_blocked, id=16756, stack(0x00000052c9000000,0x00000052c9100000)]
  0x0000015451a58800 JavaThread "Unconstrained build operations Thread 26" [_thread_blocked, id=20288, stack(0x00000052c9100000,0x00000052c9200000)]
  0x0000015451a54800 JavaThread "Unconstrained build operations Thread 27" [_thread_blocked, id=14204, stack(0x00000052c9200000,0x00000052c9300000)]
  0x0000015451a5b000 JavaThread "Unconstrained build operations Thread 28" [_thread_blocked, id=26712, stack(0x00000052c9300000,0x00000052c9400000)]
  0x0000015451a5b800 JavaThread "Unconstrained build operations Thread 29" [_thread_blocked, id=32832, stack(0x00000052c9400000,0x00000052c9500000)]
  0x0000015451a56000 JavaThread "Unconstrained build operations Thread 30" [_thread_blocked, id=10616, stack(0x00000052c9500000,0x00000052c9600000)]
  0x0000015451a5f000 JavaThread "Unconstrained build operations Thread 31" [_thread_blocked, id=14688, stack(0x00000052c9600000,0x00000052c9700000)]
  0x0000015451a5d800 JavaThread "Unconstrained build operations Thread 32" [_thread_blocked, id=35700, stack(0x00000052c9700000,0x00000052c9800000)]
  0x000001544bfa4800 JavaThread "Unconstrained build operations Thread 33" [_thread_blocked, id=34904, stack(0x00000052c9800000,0x00000052c9900000)]
  0x000001544bfa3000 JavaThread "Unconstrained build operations Thread 34" [_thread_blocked, id=31792, stack(0x00000052c9900000,0x00000052c9a00000)]
  0x000001544bfa7000 JavaThread "Unconstrained build operations Thread 35" [_thread_blocked, id=34224, stack(0x00000052c9a00000,0x00000052c9b00000)]
  0x0000015453436000 JavaThread "Unconstrained build operations Thread 36" [_thread_blocked, id=23588, stack(0x00000052c9b00000,0x00000052c9c00000)]
  0x0000015453439000 JavaThread "Unconstrained build operations Thread 37" [_thread_blocked, id=33640, stack(0x00000052c9c00000,0x00000052c9d00000)]
  0x0000015453434000 JavaThread "Unconstrained build operations Thread 38" [_thread_blocked, id=31884, stack(0x00000052c9d00000,0x00000052c9e00000)]
  0x000001545343b000 JavaThread "Unconstrained build operations Thread 39" [_thread_blocked, id=31916, stack(0x00000052c9e00000,0x00000052c9f00000)]
  0x0000015453438800 JavaThread "Unconstrained build operations Thread 40" [_thread_blocked, id=31412, stack(0x00000052c9f00000,0x00000052ca000000)]
  0x0000015453435000 JavaThread "Unconstrained build operations Thread 41" [_thread_blocked, id=29872, stack(0x00000052ca000000,0x00000052ca100000)]
  0x0000015453437800 JavaThread "Unconstrained build operations Thread 42" [_thread_blocked, id=22084, stack(0x00000052ca100000,0x00000052ca200000)]
  0x0000015453436800 JavaThread "Unconstrained build operations Thread 43" [_thread_blocked, id=29672, stack(0x00000052ca200000,0x00000052ca300000)]
  0x000001545343c800 JavaThread "Unconstrained build operations Thread 44" [_thread_blocked, id=24152, stack(0x00000052ca300000,0x00000052ca400000)]
  0x000001545343d000 JavaThread "Unconstrained build operations Thread 45" [_thread_blocked, id=30976, stack(0x00000052ca400000,0x00000052ca500000)]
  0x000001545343f800 JavaThread "Unconstrained build operations Thread 46" [_thread_blocked, id=35124, stack(0x00000052ca500000,0x00000052ca600000)]
  0x000001545343b800 JavaThread "Unconstrained build operations Thread 47" [_thread_blocked, id=32708, stack(0x00000052ca600000,0x00000052ca700000)]
  0x000001545343e000 JavaThread "Unconstrained build operations Thread 48" [_thread_blocked, id=26752, stack(0x00000052ca700000,0x00000052ca800000)]
  0x000001545343a000 JavaThread "Unconstrained build operations Thread 49" [_thread_blocked, id=12456, stack(0x00000052ca800000,0x00000052ca900000)]
  0x0000015453440800 JavaThread "Unconstrained build operations Thread 50" [_thread_blocked, id=13884, stack(0x00000052ca900000,0x00000052caa00000)]
  0x0000015453442000 JavaThread "Unconstrained build operations Thread 51" [_thread_blocked, id=7840, stack(0x00000052caa00000,0x00000052cab00000)]
  0x0000015453443000 JavaThread "Unconstrained build operations Thread 52" [_thread_blocked, id=32300, stack(0x00000052cab00000,0x00000052cac00000)]
  0x000001545343f000 JavaThread "Unconstrained build operations Thread 53" [_thread_blocked, id=18148, stack(0x00000052cac00000,0x00000052cad00000)]
  0x0000015453441800 JavaThread "Unconstrained build operations Thread 54" [_thread_blocked, id=33964, stack(0x00000052cad00000,0x00000052cae00000)]
  0x00000154502f9000 JavaThread "Unconstrained build operations Thread 55" [_thread_blocked, id=35116, stack(0x00000052cae00000,0x00000052caf00000)]
  0x00000154502f3800 JavaThread "Unconstrained build operations Thread 56" [_thread_blocked, id=33512, stack(0x00000052caf00000,0x00000052cb000000)]
  0x00000154502fa000 JavaThread "Unconstrained build operations Thread 57" [_thread_blocked, id=30684, stack(0x00000052cb000000,0x00000052cb100000)]
  0x00000154502f4000 JavaThread "Unconstrained build operations Thread 58" [_thread_blocked, id=32748, stack(0x00000052cb100000,0x00000052cb200000)]
  0x00000154502f5800 JavaThread "Unconstrained build operations Thread 59" [_thread_blocked, id=10448, stack(0x00000052cb200000,0x00000052cb300000)]
  0x00000154502f6800 JavaThread "Unconstrained build operations Thread 60" [_thread_blocked, id=31076, stack(0x00000052cb300000,0x00000052cb400000)]
  0x00000154502f5000 JavaThread "Unconstrained build operations Thread 61" [_thread_blocked, id=34808, stack(0x00000052cb400000,0x00000052cb500000)]
  0x00000154502f7800 JavaThread "Unconstrained build operations Thread 62" [_thread_blocked, id=29068, stack(0x00000052cb500000,0x00000052cb600000)]
  0x00000154502f8000 JavaThread "Unconstrained build operations Thread 63" [_thread_blocked, id=35356, stack(0x00000052cb600000,0x00000052cb700000)]
  0x000001544ef8d000 JavaThread "Unconstrained build operations Thread 64" [_thread_blocked, id=10608, stack(0x00000052cb700000,0x00000052cb800000)]
  0x000001544ef89000 JavaThread "Unconstrained build operations Thread 65" [_thread_blocked, id=33836, stack(0x00000052cb800000,0x00000052cb900000)]
  0x000001544ef8a000 JavaThread "Unconstrained build operations Thread 66" [_thread_blocked, id=33000, stack(0x00000052cb900000,0x00000052cba00000)]
  0x000001544ef8b800 JavaThread "Unconstrained build operations Thread 67" [_thread_blocked, id=31728, stack(0x00000052cba00000,0x00000052cbb00000)]
  0x000001544ef8a800 JavaThread "Unconstrained build operations Thread 68" [_thread_blocked, id=32140, stack(0x00000052cbb00000,0x00000052cbc00000)]
  0x000001544ef88800 JavaThread "Unconstrained build operations Thread 69" [_thread_blocked, id=25448, stack(0x00000052cbc00000,0x00000052cbd00000)]
  0x000001544ef92000 JavaThread "Unconstrained build operations Thread 70" [_thread_blocked, id=28388, stack(0x00000052cbd00000,0x00000052cbe00000)]
  0x000001544ef8e000 JavaThread "Unconstrained build operations Thread 71" [_thread_blocked, id=13188, stack(0x00000052cbe00000,0x00000052cbf00000)]
  0x000001544ef8f800 JavaThread "Unconstrained build operations Thread 72" [_thread_blocked, id=21300, stack(0x00000052cbf00000,0x00000052cc000000)]
  0x000001544ef8f000 JavaThread "Unconstrained build operations Thread 73" [_thread_blocked, id=27496, stack(0x00000052cc000000,0x00000052cc100000)]
  0x000001544ef91800 JavaThread "Unconstrained build operations Thread 74" [_thread_blocked, id=10024, stack(0x00000052cc100000,0x00000052cc200000)]
  0x000001544ef8c800 JavaThread "Unconstrained build operations Thread 75" [_thread_blocked, id=33968, stack(0x00000052cc200000,0x00000052cc300000)]
  0x000001544ef90800 JavaThread "Unconstrained build operations Thread 76" [_thread_blocked, id=35772, stack(0x00000052cc300000,0x00000052cc400000)]
  0x000001544ef93000 JavaThread "Unconstrained build operations Thread 77" [_thread_blocked, id=34552, stack(0x00000052cc400000,0x00000052cc500000)]
  0x000001544ef93800 JavaThread "Unconstrained build operations Thread 78" [_thread_blocked, id=33572, stack(0x00000052cc500000,0x00000052cc600000)]
  0x000001544ef95800 JavaThread "Unconstrained build operations Thread 79" [_thread_blocked, id=27444, stack(0x00000052cc600000,0x00000052cc700000)]
  0x000001544ef94800 JavaThread "Unconstrained build operations Thread 80" [_thread_blocked, id=34740, stack(0x00000052cc700000,0x00000052cc800000)]
  0x000001544ecc1000 JavaThread "C2 CompilerThread2" daemon [_thread_blocked, id=27392, stack(0x00000052cc800000,0x00000052cc900000)]

Other Threads:
  0x000001544a72c800 VMThread "VM Thread" [stack: 0x00000052c4b00000,0x00000052c4c00000] [id=29388]
  0x000001544b191800 WatcherThread [stack: 0x00000052c5500000,0x00000052c5600000] [id=33028]
  0x0000015431579000 GCTaskThread "GC Thread#0" [stack: 0x00000052c4600000,0x00000052c4700000] [id=35252]
  0x000001544c1b9800 GCTaskThread "GC Thread#1" [stack: 0x00000052c5700000,0x00000052c5800000] [id=33812]
  0x000001544c04c000 GCTaskThread "GC Thread#2" [stack: 0x00000052c5800000,0x00000052c5900000] [id=35476]
  0x000001544bcd7000 GCTaskThread "GC Thread#3" [stack: 0x00000052c5900000,0x00000052c5a00000] [id=35808]
  0x000001544bd30800 GCTaskThread "GC Thread#4" [stack: 0x00000052c5a00000,0x00000052c5b00000] [id=29876]
  0x000001544bd31000 GCTaskThread "GC Thread#5" [stack: 0x00000052c5b00000,0x00000052c5c00000] [id=16360]
  0x000001544c77b000 GCTaskThread "GC Thread#6" [stack: 0x00000052c6800000,0x00000052c6900000] [id=33364]
  0x000001544c77b800 GCTaskThread "GC Thread#7" [stack: 0x00000052c6900000,0x00000052c6a00000] [id=35324]
  0x000001543159e800 ConcurrentGCThread "G1 Main Marker" [stack: 0x00000052c4700000,0x00000052c4800000] [id=34556]
  0x000001543159f800 ConcurrentGCThread "G1 Conc#0" [stack: 0x00000052c4800000,0x00000052c4900000] [id=34472]
  0x000001544c77c800 ConcurrentGCThread "G1 Conc#1" [stack: 0x00000052c6a00000,0x00000052c6b00000] [id=19204]
  0x000001543162e800 ConcurrentGCThread "G1 Refine#0" [stack: 0x00000052c4900000,0x00000052c4a00000] [id=34508]
  0x0000015453162800 ConcurrentGCThread "G1 Refine#1" [stack: 0x00000052cd100000,0x00000052cd200000] [id=6548]
  0x00000154568a5800 ConcurrentGCThread "G1 Refine#2" [stack: 0x00000052cd200000,0x00000052cd300000] [id=34432]
  0x000001544a5af000 ConcurrentGCThread "G1 Young RemSet Sampling" [stack: 0x00000052c4a00000,0x00000052c4b00000] [id=32796]

Threads with active compile tasks:
C2 CompilerThread06932090 15083       4       org.gradle.internal.serialize.kryo.StringDeduplicatingKryoBackedEncoder::writeNullableString (114 bytes)
C1 CompilerThread06932090 15171       3       org.gradle.internal.classpath.DefaultCachedClasspathTransformer::transformFile (29 bytes)
C2 CompilerThread16932090 15067       4       org.gradle.internal.serialize.kryo.StringDeduplicatingKryoBackedEncoder::writeString (20 bytes)
C2 CompilerThread26932090 15172   !   4       java.util.concurrent.ArrayBlockingQueue::put (58 bytes)

VM state:not at safepoint (normal execution)

VM Mutex/Monitor currently owned by a thread: None

Heap address: 0x00000000a0000000, size: 1536 MB, Compressed Oops mode: 32-bit
Narrow klass base: 0x0000000000000000, Narrow klass shift: 3
Compressed class space size: 1073741824 Address: 0x0000000100000000

Heap:
 garbage-first heap   total 282624K, used 213564K [0x00000000a0000000, 0x0000000100000000)
  region size 1024K, 101 young (103424K), 5 survivors (5120K)
 Metaspace       used 107266K, capacity 110466K, committed 110852K, reserved 1144832K
  class space    used 13839K, capacity 15005K, committed 15180K, reserved 1048576K
Heap Regions: E=young(eden), S=young(survivor), O=old, HS=humongous(starts), HC=humongous(continues), CS=collection set, F=free, A=archive, TAMS=top-at-mark-start (previous, next)
|   0|0x00000000a0000000, 0x00000000a0100000, 0x00000000a0100000|100%| O|  |TAMS 0x00000000a0100000, 0x00000000a0000000| Untracked 
|   1|0x00000000a0100000, 0x00000000a0200000, 0x00000000a0200000|100%| O|  |TAMS 0x00000000a0200000, 0x00000000a0100000| Untracked 
|   2|0x00000000a0200000, 0x00000000a0300000, 0x00000000a0300000|100%| O|  |TAMS 0x00000000a0300000, 0x00000000a0200000| Untracked 
|   3|0x00000000a0300000, 0x00000000a0400000, 0x00000000a0400000|100%|HS|  |TAMS 0x00000000a0400000, 0x00000000a0300000| Complete 
|   4|0x00000000a0400000, 0x00000000a0500000, 0x00000000a0500000|100%|HC|  |TAMS 0x00000000a0500000, 0x00000000a0400000| Complete 
|   5|0x00000000a0500000, 0x00000000a0600000, 0x00000000a0600000|100%|HC|  |TAMS 0x00000000a0600000, 0x00000000a0500000| Complete 
|   6|0x00000000a0600000, 0x00000000a0700000, 0x00000000a0700000|100%| O|  |TAMS 0x00000000a0700000, 0x00000000a0600000| Untracked 
|   7|0x00000000a0700000, 0x00000000a0800000, 0x00000000a0800000|100%| O|  |TAMS 0x00000000a0800000, 0x00000000a0700000| Untracked 
|   8|0x00000000a0800000, 0x00000000a0900000, 0x00000000a0900000|100%| O|  |TAMS 0x00000000a0900000, 0x00000000a0800000| Untracked 
|   9|0x00000000a0900000, 0x00000000a0a00000, 0x00000000a0a00000|100%| O|  |TAMS 0x00000000a0a00000, 0x00000000a0900000| Untracked 
|  10|0x00000000a0a00000, 0x00000000a0b00000, 0x00000000a0b00000|100%| O|  |TAMS 0x00000000a0b00000, 0x00000000a0a00000| Untracked 
|  11|0x00000000a0b00000, 0x00000000a0c00000, 0x00000000a0c00000|100%| O|  |TAMS 0x00000000a0c00000, 0x00000000a0b00000| Untracked 
|  12|0x00000000a0c00000, 0x00000000a0d00000, 0x00000000a0d00000|100%| O|  |TAMS 0x00000000a0d00000, 0x00000000a0c00000| Untracked 
|  13|0x00000000a0d00000, 0x00000000a0e00000, 0x00000000a0e00000|100%| O|  |TAMS 0x00000000a0e00000, 0x00000000a0d00000| Untracked 
|  14|0x00000000a0e00000, 0x00000000a0f00000, 0x00000000a0f00000|100%| O|  |TAMS 0x00000000a0f00000, 0x00000000a0e00000| Untracked 
|  15|0x00000000a0f00000, 0x00000000a1000000, 0x00000000a1000000|100%| O|  |TAMS 0x00000000a1000000, 0x00000000a0f00000| Untracked 
|  16|0x00000000a1000000, 0x00000000a1100000, 0x00000000a1100000|100%| O|  |TAMS 0x00000000a1100000, 0x00000000a1000000| Untracked 
|  17|0x00000000a1100000, 0x00000000a1200000, 0x00000000a1200000|100%|HS|  |TAMS 0x00000000a1200000, 0x00000000a1100000| Complete 
|  18|0x00000000a1200000, 0x00000000a1300000, 0x00000000a1300000|100%|HS|  |TAMS 0x00000000a1300000, 0x00000000a1200000| Complete 
|  19|0x00000000a1300000, 0x00000000a1400000, 0x00000000a1400000|100%|HS|  |TAMS 0x00000000a1400000, 0x00000000a1300000| Complete 
|  20|0x00000000a1400000, 0x00000000a1500000, 0x00000000a1500000|100%|HS|  |TAMS 0x00000000a1500000, 0x00000000a1400000| Complete 
|  21|0x00000000a1500000, 0x00000000a1600000, 0x00000000a1600000|100%|HC|  |TAMS 0x00000000a1600000, 0x00000000a1500000| Complete 
|  22|0x00000000a1600000, 0x00000000a1700000, 0x00000000a1700000|100%|HC|  |TAMS 0x00000000a1700000, 0x00000000a1600000| Complete 
|  23|0x00000000a1700000, 0x00000000a1800000, 0x00000000a1800000|100%| O|  |TAMS 0x00000000a1800000, 0x00000000a1700000| Untracked 
|  24|0x00000000a1800000, 0x00000000a1900000, 0x00000000a1900000|100%|HS|  |TAMS 0x00000000a1900000, 0x00000000a1800000| Complete 
|  25|0x00000000a1900000, 0x00000000a1a00000, 0x00000000a1a00000|100%|HC|  |TAMS 0x00000000a1a00000, 0x00000000a1900000| Complete 
|  26|0x00000000a1a00000, 0x00000000a1b00000, 0x00000000a1b00000|100%| O|  |TAMS 0x00000000a1b00000, 0x00000000a1a00000| Untracked 
|  27|0x00000000a1b00000, 0x00000000a1c00000, 0x00000000a1c00000|100%| O|  |TAMS 0x00000000a1c00000, 0x00000000a1b00000| Untracked 
|  28|0x00000000a1c00000, 0x00000000a1d00000, 0x00000000a1d00000|100%| O|  |TAMS 0x00000000a1d00000, 0x00000000a1c00000| Untracked 
|  29|0x00000000a1d00000, 0x00000000a1e00000, 0x00000000a1e00000|100%| O|  |TAMS 0x00000000a1e00000, 0x00000000a1d00000| Untracked 
|  30|0x00000000a1e00000, 0x00000000a1f00000, 0x00000000a1f00000|100%| O|  |TAMS 0x00000000a1f00000, 0x00000000a1e00000| Untracked 
|  31|0x00000000a1f00000, 0x00000000a2000000, 0x00000000a2000000|100%| O|  |TAMS 0x00000000a2000000, 0x00000000a1f00000| Untracked 
|  32|0x00000000a2000000, 0x00000000a2100000, 0x00000000a2100000|100%| O|  |TAMS 0x00000000a2100000, 0x00000000a2000000| Untracked 
|  33|0x00000000a2100000, 0x00000000a2200000, 0x00000000a2200000|100%| O|  |TAMS 0x00000000a2200000, 0x00000000a2100000| Untracked 
|  34|0x00000000a2200000, 0x00000000a2300000, 0x00000000a2300000|100%| O|  |TAMS 0x00000000a2300000, 0x00000000a2200000| Untracked 
|  35|0x00000000a2300000, 0x00000000a2400000, 0x00000000a2400000|100%| O|  |TAMS 0x00000000a2400000, 0x00000000a2300000| Untracked 
|  36|0x00000000a2400000, 0x00000000a2500000, 0x00000000a2500000|100%| O|  |TAMS 0x00000000a2500000, 0x00000000a2400000| Untracked 
|  37|0x00000000a2500000, 0x00000000a2600000, 0x00000000a2600000|100%| O|  |TAMS 0x00000000a2600000, 0x00000000a2500000| Untracked 
|  38|0x00000000a2600000, 0x00000000a2700000, 0x00000000a2700000|100%| O|  |TAMS 0x00000000a2700000, 0x00000000a2600000| Untracked 
|  39|0x00000000a2700000, 0x00000000a2800000, 0x00000000a2800000|100%| O|  |TAMS 0x00000000a2800000, 0x00000000a2700000| Untracked 
|  40|0x00000000a2800000, 0x00000000a2900000, 0x00000000a2900000|100%| O|  |TAMS 0x00000000a2900000, 0x00000000a2800000| Untracked 
|  41|0x00000000a2900000, 0x00000000a2a00000, 0x00000000a2a00000|100%| O|  |TAMS 0x00000000a2a00000, 0x00000000a2900000| Untracked 
|  42|0x00000000a2a00000, 0x00000000a2b00000, 0x00000000a2b00000|100%| O|  |TAMS 0x00000000a2b00000, 0x00000000a2a00000| Untracked 
|  43|0x00000000a2b00000, 0x00000000a2c00000, 0x00000000a2c00000|100%| O|  |TAMS 0x00000000a2c00000, 0x00000000a2b00000| Untracked 
|  44|0x00000000a2c00000, 0x00000000a2d00000, 0x00000000a2d00000|100%| O|  |TAMS 0x00000000a2d00000, 0x00000000a2c00000| Untracked 
|  45|0x00000000a2d00000, 0x00000000a2e00000, 0x00000000a2e00000|100%| O|  |TAMS 0x00000000a2e00000, 0x00000000a2d00000| Untracked 
|  46|0x00000000a2e00000, 0x00000000a2f00000, 0x00000000a2f00000|100%| O|  |TAMS 0x00000000a2f00000, 0x00000000a2e00000| Untracked 
|  47|0x00000000a2f00000, 0x00000000a3000000, 0x00000000a3000000|100%| O|  |TAMS 0x00000000a3000000, 0x00000000a2f00000| Untracked 
|  48|0x00000000a3000000, 0x00000000a3100000, 0x00000000a3100000|100%| O|  |TAMS 0x00000000a3100000, 0x00000000a3000000| Untracked 
|  49|0x00000000a3100000, 0x00000000a3200000, 0x00000000a3200000|100%| O|  |TAMS 0x00000000a3200000, 0x00000000a3100000| Untracked 
|  50|0x00000000a3200000, 0x00000000a3300000, 0x00000000a3300000|100%| O|  |TAMS 0x00000000a3300000, 0x00000000a3200000| Untracked 
|  51|0x00000000a3300000, 0x00000000a3400000, 0x00000000a3400000|100%| O|  |TAMS 0x00000000a3400000, 0x00000000a3300000| Untracked 
|  52|0x00000000a3400000, 0x00000000a3500000, 0x00000000a3500000|100%| O|  |TAMS 0x00000000a3500000, 0x00000000a3400000| Untracked 
|  53|0x00000000a3500000, 0x00000000a3600000, 0x00000000a3600000|100%| O|  |TAMS 0x00000000a3600000, 0x00000000a3500000| Untracked 
|  54|0x00000000a3600000, 0x00000000a3700000, 0x00000000a3700000|100%| O|  |TAMS 0x00000000a3700000, 0x00000000a3600000| Untracked 
|  55|0x00000000a3700000, 0x00000000a3800000, 0x00000000a3800000|100%| O|  |TAMS 0x00000000a3800000, 0x00000000a3700000| Untracked 
|  56|0x00000000a3800000, 0x00000000a3900000, 0x00000000a3900000|100%| O|  |TAMS 0x00000000a3900000, 0x00000000a3800000| Untracked 
|  57|0x00000000a3900000, 0x00000000a3a00000, 0x00000000a3a00000|100%|HS|  |TAMS 0x00000000a3a00000, 0x00000000a3900000| Complete 
|  58|0x00000000a3a00000, 0x00000000a3b00000, 0x00000000a3b00000|100%|HS|  |TAMS 0x00000000a3b00000, 0x00000000a3a00000| Complete 
|  59|0x00000000a3b00000, 0x00000000a3c00000, 0x00000000a3c00000|100%| O|  |TAMS 0x00000000a3c00000, 0x00000000a3b00000| Untracked 
|  60|0x00000000a3c00000, 0x00000000a3d00000, 0x00000000a3d00000|100%| O|  |TAMS 0x00000000a3d00000, 0x00000000a3c00000| Untracked 
|  61|0x00000000a3d00000, 0x00000000a3e00000, 0x00000000a3e00000|100%| O|  |TAMS 0x00000000a3e00000, 0x00000000a3d00000| Untracked 
|  62|0x00000000a3e00000, 0x00000000a3f00000, 0x00000000a3f00000|100%| O|  |TAMS 0x00000000a3f00000, 0x00000000a3e00000| Untracked 
|  63|0x00000000a3f00000, 0x00000000a4000000, 0x00000000a4000000|100%| O|  |TAMS 0x00000000a4000000, 0x00000000a3f00000| Untracked 
|  64|0x00000000a4000000, 0x00000000a4100000, 0x00000000a4100000|100%| O|  |TAMS 0x00000000a4100000, 0x00000000a4000000| Untracked 
|  65|0x00000000a4100000, 0x00000000a4200000, 0x00000000a4200000|100%| O|  |TAMS 0x00000000a4200000, 0x00000000a4100000| Untracked 
|  66|0x00000000a4200000, 0x00000000a4300000, 0x00000000a4300000|100%| O|  |TAMS 0x00000000a4300000, 0x00000000a4200000| Untracked 
|  67|0x00000000a4300000, 0x00000000a4400000, 0x00000000a4400000|100%| O|  |TAMS 0x00000000a4400000, 0x00000000a4300000| Untracked 
|  68|0x00000000a4400000, 0x00000000a4500000, 0x00000000a4500000|100%| O|  |TAMS 0x00000000a4500000, 0x00000000a4400000| Untracked 
|  69|0x00000000a4500000, 0x00000000a4600000, 0x00000000a4600000|100%| O|  |TAMS 0x00000000a4600000, 0x00000000a4500000| Untracked 
|  70|0x00000000a4600000, 0x00000000a4700000, 0x00000000a4700000|100%| O|  |TAMS 0x00000000a4700000, 0x00000000a4600000| Untracked 
|  71|0x00000000a4700000, 0x00000000a4800000, 0x00000000a4800000|100%| O|  |TAMS 0x00000000a4800000, 0x00000000a4700000| Untracked 
|  72|0x00000000a4800000, 0x00000000a4900000, 0x00000000a4900000|100%| O|  |TAMS 0x00000000a4900000, 0x00000000a4800000| Untracked 
|  73|0x00000000a4900000, 0x00000000a4a00000, 0x00000000a4a00000|100%| O|  |TAMS 0x00000000a4a00000, 0x00000000a4900000| Untracked 
|  74|0x00000000a4a00000, 0x00000000a4b00000, 0x00000000a4b00000|100%| O|  |TAMS 0x00000000a4b00000, 0x00000000a4a00000| Untracked 
|  75|0x00000000a4b00000, 0x00000000a4c00000, 0x00000000a4c00000|100%| O|  |TAMS 0x00000000a4c00000, 0x00000000a4b00000| Untracked 
|  76|0x00000000a4c00000, 0x00000000a4d00000, 0x00000000a4d00000|100%| O|  |TAMS 0x00000000a4d00000, 0x00000000a4c00000| Untracked 
|  77|0x00000000a4d00000, 0x00000000a4e00000, 0x00000000a4e00000|100%| O|  |TAMS 0x00000000a4e00000, 0x00000000a4d00000| Untracked 
|  78|0x00000000a4e00000, 0x00000000a4f00000, 0x00000000a4f00000|100%| O|  |TAMS 0x00000000a4f00000, 0x00000000a4e00000| Untracked 
|  79|0x00000000a4f00000, 0x00000000a5000000, 0x00000000a5000000|100%| O|  |TAMS 0x00000000a5000000, 0x00000000a4f00000| Untracked 
|  80|0x00000000a5000000, 0x00000000a5100000, 0x00000000a5100000|100%| O|  |TAMS 0x00000000a5100000, 0x00000000a5000000| Untracked 
|  81|0x00000000a5100000, 0x00000000a5200000, 0x00000000a5200000|100%| O|  |TAMS 0x00000000a5200000, 0x00000000a5100000| Untracked 
|  82|0x00000000a5200000, 0x00000000a5300000, 0x00000000a5300000|100%| O|  |TAMS 0x00000000a5300000, 0x00000000a5200000| Untracked 
|  83|0x00000000a5300000, 0x00000000a5400000, 0x00000000a5400000|100%| O|  |TAMS 0x00000000a5400000, 0x00000000a5300000| Untracked 
|  84|0x00000000a5400000, 0x00000000a5500000, 0x00000000a5500000|100%| O|  |TAMS 0x00000000a5500000, 0x00000000a5400000| Untracked 
|  85|0x00000000a5500000, 0x00000000a5600000, 0x00000000a5600000|100%| O|  |TAMS 0x00000000a5600000, 0x00000000a5500000| Untracked 
|  86|0x00000000a5600000, 0x00000000a5700000, 0x00000000a5700000|100%| O|  |TAMS 0x00000000a5700000, 0x00000000a5600000| Untracked 
|  87|0x00000000a5700000, 0x00000000a5800000, 0x00000000a5800000|100%| O|  |TAMS 0x00000000a5800000, 0x00000000a5700000| Untracked 
|  88|0x00000000a5800000, 0x00000000a5900000, 0x00000000a5900000|100%| O|  |TAMS 0x00000000a5900000, 0x00000000a5800000| Untracked 
|  89|0x00000000a5900000, 0x00000000a5a00000, 0x00000000a5a00000|100%| O|  |TAMS 0x00000000a5a00000, 0x00000000a5900000| Untracked 
|  90|0x00000000a5a00000, 0x00000000a5b00000, 0x00000000a5b00000|100%| O|  |TAMS 0x00000000a5b00000, 0x00000000a5a00000| Untracked 
|  91|0x00000000a5b00000, 0x00000000a5c00000, 0x00000000a5c00000|100%| O|  |TAMS 0x00000000a5c00000, 0x00000000a5b00000| Untracked 
|  92|0x00000000a5c00000, 0x00000000a5d00000, 0x00000000a5d00000|100%| O|  |TAMS 0x00000000a5d00000, 0x00000000a5c00000| Untracked 
|  93|0x00000000a5d00000, 0x00000000a5e00000, 0x00000000a5e00000|100%| O|  |TAMS 0x00000000a5e00000, 0x00000000a5d00000| Untracked 
|  94|0x00000000a5e00000, 0x00000000a5f00000, 0x00000000a5f00000|100%| O|  |TAMS 0x00000000a5f00000, 0x00000000a5e00000| Untracked 
|  95|0x00000000a5f00000, 0x00000000a6000000, 0x00000000a6000000|100%| O|  |TAMS 0x00000000a6000000, 0x00000000a5f00000| Untracked 
|  96|0x00000000a6000000, 0x00000000a6100000, 0x00000000a6100000|100%| O|  |TAMS 0x00000000a6100000, 0x00000000a6000000| Untracked 
|  97|0x00000000a6100000, 0x00000000a6100000, 0x00000000a6200000|  0%| F|  |TAMS 0x00000000a6100000, 0x00000000a6100000| Untracked 
|  98|0x00000000a6200000, 0x00000000a6200000, 0x00000000a6300000|  0%| F|  |TAMS 0x00000000a6200000, 0x00000000a6200000| Untracked 
|  99|0x00000000a6300000, 0x00000000a6300000, 0x00000000a6400000|  0%| F|  |TAMS 0x00000000a6300000, 0x00000000a6300000| Untracked 
| 100|0x00000000a6400000, 0x00000000a6400000, 0x00000000a6500000|  0%| F|  |TAMS 0x00000000a6400000, 0x00000000a6400000| Untracked 
| 101|0x00000000a6500000, 0x00000000a6500000, 0x00000000a6600000|  0%| F|  |TAMS 0x00000000a6500000, 0x00000000a6500000| Untracked 
| 102|0x00000000a6600000, 0x00000000a6600000, 0x00000000a6700000|  0%| F|  |TAMS 0x00000000a6600000, 0x00000000a6600000| Untracked 
| 103|0x00000000a6700000, 0x00000000a6700000, 0x00000000a6800000|  0%| F|  |TAMS 0x00000000a6700000, 0x00000000a6700000| Untracked 
| 104|0x00000000a6800000, 0x00000000a6800000, 0x00000000a6900000|  0%| F|  |TAMS 0x00000000a6800000, 0x00000000a6800000| Untracked 
| 105|0x00000000a6900000, 0x00000000a6900000, 0x00000000a6a00000|  0%| F|  |TAMS 0x00000000a6900000, 0x00000000a6900000| Untracked 
| 106|0x00000000a6a00000, 0x00000000a6a00000, 0x00000000a6b00000|  0%| F|  |TAMS 0x00000000a6a00000, 0x00000000a6a00000| Untracked 
| 107|0x00000000a6b00000, 0x00000000a6b00000, 0x00000000a6c00000|  0%| F|  |TAMS 0x00000000a6b00000, 0x00000000a6b00000| Untracked 
| 108|0x00000000a6c00000, 0x00000000a6c00000, 0x00000000a6d00000|  0%| F|  |TAMS 0x00000000a6c00000, 0x00000000a6c00000| Untracked 
| 109|0x00000000a6d00000, 0x00000000a6d00000, 0x00000000a6e00000|  0%| F|  |TAMS 0x00000000a6d00000, 0x00000000a6d00000| Untracked 
| 110|0x00000000a6e00000, 0x00000000a6e00000, 0x00000000a6f00000|  0%| F|  |TAMS 0x00000000a6e00000, 0x00000000a6e00000| Untracked 
| 111|0x00000000a6f00000, 0x00000000a6f00000, 0x00000000a7000000|  0%| F|  |TAMS 0x00000000a6f00000, 0x00000000a6f00000| Untracked 
| 112|0x00000000a7000000, 0x00000000a7000000, 0x00000000a7100000|  0%| F|  |TAMS 0x00000000a7000000, 0x00000000a7000000| Untracked 
| 113|0x00000000a7100000, 0x00000000a7100000, 0x00000000a7200000|  0%| F|  |TAMS 0x00000000a7100000, 0x00000000a7100000| Untracked 
| 114|0x00000000a7200000, 0x00000000a7200000, 0x00000000a7300000|  0%| F|  |TAMS 0x00000000a7200000, 0x00000000a7200000| Untracked 
| 115|0x00000000a7300000, 0x00000000a7400000, 0x00000000a7400000|100%| O|  |TAMS 0x00000000a7400000, 0x00000000a7300000| Untracked 
| 116|0x00000000a7400000, 0x00000000a7500000, 0x00000000a7500000|100%| O|  |TAMS 0x00000000a7500000, 0x00000000a7400000| Untracked 
| 117|0x00000000a7500000, 0x00000000a7600000, 0x00000000a7600000|100%| O|  |TAMS 0x00000000a7600000, 0x00000000a7500000| Untracked 
| 118|0x00000000a7600000, 0x00000000a7700000, 0x00000000a7700000|100%| O|  |TAMS 0x00000000a76a0400, 0x00000000a7600000| Untracked 
| 119|0x00000000a7700000, 0x00000000a7700000, 0x00000000a7800000|  0%| F|  |TAMS 0x00000000a7700000, 0x00000000a7700000| Untracked 
| 120|0x00000000a7800000, 0x00000000a7800000, 0x00000000a7900000|  0%| F|  |TAMS 0x00000000a7800000, 0x00000000a7800000| Untracked 
| 121|0x00000000a7900000, 0x00000000a7900000, 0x00000000a7a00000|  0%| F|  |TAMS 0x00000000a7900000, 0x00000000a7900000| Untracked 
| 122|0x00000000a7a00000, 0x00000000a7a00000, 0x00000000a7b00000|  0%| F|  |TAMS 0x00000000a7a00000, 0x00000000a7a00000| Untracked 
| 123|0x00000000a7b00000, 0x00000000a7b00000, 0x00000000a7c00000|  0%| F|  |TAMS 0x00000000a7b00000, 0x00000000a7b00000| Untracked 
| 124|0x00000000a7c00000, 0x00000000a7c00000, 0x00000000a7d00000|  0%| F|  |TAMS 0x00000000a7c00000, 0x00000000a7c00000| Untracked 
| 125|0x00000000a7d00000, 0x00000000a7d00000, 0x00000000a7e00000|  0%| F|  |TAMS 0x00000000a7d00000, 0x00000000a7d00000| Untracked 
| 126|0x00000000a7e00000, 0x00000000a7e00000, 0x00000000a7f00000|  0%| F|  |TAMS 0x00000000a7e00000, 0x00000000a7e00000| Untracked 
| 127|0x00000000a7f00000, 0x00000000a7f00000, 0x00000000a8000000|  0%| F|  |TAMS 0x00000000a7f00000, 0x00000000a7f00000| Untracked 
| 128|0x00000000a8000000, 0x00000000a8000000, 0x00000000a8100000|  0%| F|  |TAMS 0x00000000a8000000, 0x00000000a8000000| Untracked 
| 129|0x00000000a8100000, 0x00000000a8100000, 0x00000000a8200000|  0%| F|  |TAMS 0x00000000a8100000, 0x00000000a8100000| Untracked 
| 130|0x00000000a8200000, 0x00000000a8200000, 0x00000000a8300000|  0%| F|  |TAMS 0x00000000a8200000, 0x00000000a8200000| Untracked 
| 131|0x00000000a8300000, 0x00000000a8300000, 0x00000000a8400000|  0%| F|  |TAMS 0x00000000a8300000, 0x00000000a8300000| Untracked 
| 132|0x00000000a8400000, 0x00000000a8400000, 0x00000000a8500000|  0%| F|  |TAMS 0x00000000a8400000, 0x00000000a8400000| Untracked 
| 133|0x00000000a8500000, 0x00000000a8500000, 0x00000000a8600000|  0%| F|  |TAMS 0x00000000a8500000, 0x00000000a8500000| Untracked 
| 134|0x00000000a8600000, 0x00000000a8600000, 0x00000000a8700000|  0%| F|  |TAMS 0x00000000a8600000, 0x00000000a8600000| Untracked 
| 135|0x00000000a8700000, 0x00000000a8700000, 0x00000000a8800000|  0%| F|  |TAMS 0x00000000a8700000, 0x00000000a8700000| Untracked 
| 136|0x00000000a8800000, 0x00000000a8800000, 0x00000000a8900000|  0%| F|  |TAMS 0x00000000a8800000, 0x00000000a8800000| Untracked 
| 137|0x00000000a8900000, 0x00000000a8900000, 0x00000000a8a00000|  0%| F|  |TAMS 0x00000000a8900000, 0x00000000a8900000| Untracked 
| 138|0x00000000a8a00000, 0x00000000a8a00000, 0x00000000a8b00000|  0%| F|  |TAMS 0x00000000a8a00000, 0x00000000a8a00000| Untracked 
| 139|0x00000000a8b00000, 0x00000000a8b00000, 0x00000000a8c00000|  0%| F|  |TAMS 0x00000000a8b00000, 0x00000000a8b00000| Untracked 
| 140|0x00000000a8c00000, 0x00000000a8c00000, 0x00000000a8d00000|  0%| F|  |TAMS 0x00000000a8c00000, 0x00000000a8c00000| Untracked 
| 141|0x00000000a8d00000, 0x00000000a8d00000, 0x00000000a8e00000|  0%| F|  |TAMS 0x00000000a8d00000, 0x00000000a8d00000| Untracked 
| 142|0x00000000a8e00000, 0x00000000a8e00000, 0x00000000a8f00000|  0%| F|  |TAMS 0x00000000a8e00000, 0x00000000a8e00000| Untracked 
| 143|0x00000000a8f00000, 0x00000000a8f00000, 0x00000000a9000000|  0%| F|  |TAMS 0x00000000a8f00000, 0x00000000a8f00000| Untracked 
| 144|0x00000000a9000000, 0x00000000a9000000, 0x00000000a9100000|  0%| F|  |TAMS 0x00000000a9000000, 0x00000000a9000000| Untracked 
| 145|0x00000000a9100000, 0x00000000a9100000, 0x00000000a9200000|  0%| F|  |TAMS 0x00000000a9100000, 0x00000000a9100000| Untracked 
| 146|0x00000000a9200000, 0x00000000a9200000, 0x00000000a9300000|  0%| F|  |TAMS 0x00000000a9200000, 0x00000000a9200000| Untracked 
| 147|0x00000000a9300000, 0x00000000a9300000, 0x00000000a9400000|  0%| F|  |TAMS 0x00000000a9300000, 0x00000000a9300000| Untracked 
| 148|0x00000000a9400000, 0x00000000a9400000, 0x00000000a9500000|  0%| F|  |TAMS 0x00000000a9400000, 0x00000000a9400000| Untracked 
| 149|0x00000000a9500000, 0x00000000a9500000, 0x00000000a9600000|  0%| F|  |TAMS 0x00000000a9500000, 0x00000000a9500000| Untracked 
| 150|0x00000000a9600000, 0x00000000a9600000, 0x00000000a9700000|  0%| F|  |TAMS 0x00000000a9600000, 0x00000000a9600000| Untracked 
| 151|0x00000000a9700000, 0x00000000a9700000, 0x00000000a9800000|  0%| F|  |TAMS 0x00000000a9700000, 0x00000000a9700000| Untracked 
| 152|0x00000000a9800000, 0x00000000a9800000, 0x00000000a9900000|  0%| F|  |TAMS 0x00000000a9800000, 0x00000000a9800000| Untracked 
| 153|0x00000000a9900000, 0x00000000a9900000, 0x00000000a9a00000|  0%| F|  |TAMS 0x00000000a9900000, 0x00000000a9900000| Untracked 
| 154|0x00000000a9a00000, 0x00000000a9a00000, 0x00000000a9b00000|  0%| F|  |TAMS 0x00000000a9a00000, 0x00000000a9a00000| Untracked 
| 155|0x00000000a9b00000, 0x00000000a9b00000, 0x00000000a9c00000|  0%| F|  |TAMS 0x00000000a9b00000, 0x00000000a9b00000| Untracked 
| 156|0x00000000a9c00000, 0x00000000a9c00000, 0x00000000a9d00000|  0%| F|  |TAMS 0x00000000a9c00000, 0x00000000a9c00000| Untracked 
| 157|0x00000000a9d00000, 0x00000000a9d00000, 0x00000000a9e00000|  0%| F|  |TAMS 0x00000000a9d00000, 0x00000000a9d00000| Untracked 
| 158|0x00000000a9e00000, 0x00000000a9e00000, 0x00000000a9f00000|  0%| F|  |TAMS 0x00000000a9e00000, 0x00000000a9e00000| Untracked 
| 159|0x00000000a9f00000, 0x00000000a9f00000, 0x00000000aa000000|  0%| F|  |TAMS 0x00000000a9f00000, 0x00000000a9f00000| Untracked 
| 160|0x00000000aa000000, 0x00000000aa000000, 0x00000000aa100000|  0%| F|  |TAMS 0x00000000aa000000, 0x00000000aa000000| Untracked 
| 161|0x00000000aa100000, 0x00000000aa100000, 0x00000000aa200000|  0%| F|  |TAMS 0x00000000aa100000, 0x00000000aa100000| Untracked 
| 162|0x00000000aa200000, 0x00000000aa200000, 0x00000000aa300000|  0%| F|  |TAMS 0x00000000aa200000, 0x00000000aa200000| Untracked 
| 163|0x00000000aa300000, 0x00000000aa33aa70, 0x00000000aa400000| 22%| S|CS|TAMS 0x00000000aa300000, 0x00000000aa300000| Complete 
| 164|0x00000000aa400000, 0x00000000aa500000, 0x00000000aa500000|100%| S|CS|TAMS 0x00000000aa400000, 0x00000000aa400000| Complete 
| 165|0x00000000aa500000, 0x00000000aa600000, 0x00000000aa600000|100%| S|CS|TAMS 0x00000000aa500000, 0x00000000aa500000| Complete 
| 166|0x00000000aa600000, 0x00000000aa700000, 0x00000000aa700000|100%| S|CS|TAMS 0x00000000aa600000, 0x00000000aa600000| Complete 
| 167|0x00000000aa700000, 0x00000000aa800000, 0x00000000aa800000|100%| S|CS|TAMS 0x00000000aa700000, 0x00000000aa700000| Complete 
| 168|0x00000000aa800000, 0x00000000aa800000, 0x00000000aa900000|  0%| F|  |TAMS 0x00000000aa800000, 0x00000000aa800000| Untracked 
| 169|0x00000000aa900000, 0x00000000aa900000, 0x00000000aaa00000|  0%| F|  |TAMS 0x00000000aa900000, 0x00000000aa900000| Untracked 
| 170|0x00000000aaa00000, 0x00000000aaa00000, 0x00000000aab00000|  0%| F|  |TAMS 0x00000000aaa00000, 0x00000000aaa00000| Untracked 
| 171|0x00000000aab00000, 0x00000000aab2b6d8, 0x00000000aac00000| 16%| E|  |TAMS 0x00000000aab00000, 0x00000000aab00000| Complete 
| 172|0x00000000aac00000, 0x00000000aad00000, 0x00000000aad00000|100%| E|CS|TAMS 0x00000000aac00000, 0x00000000aac00000| Complete 
| 173|0x00000000aad00000, 0x00000000aae00000, 0x00000000aae00000|100%| E|CS|TAMS 0x00000000aad00000, 0x00000000aad00000| Complete 
| 174|0x00000000aae00000, 0x00000000aaf00000, 0x00000000aaf00000|100%| E|CS|TAMS 0x00000000aae00000, 0x00000000aae00000| Complete 
| 175|0x00000000aaf00000, 0x00000000ab000000, 0x00000000ab000000|100%| E|CS|TAMS 0x00000000aaf00000, 0x00000000aaf00000| Complete 
| 176|0x00000000ab000000, 0x00000000ab100000, 0x00000000ab100000|100%| E|CS|TAMS 0x00000000ab000000, 0x00000000ab000000| Complete 
| 177|0x00000000ab100000, 0x00000000ab200000, 0x00000000ab200000|100%| E|CS|TAMS 0x00000000ab100000, 0x00000000ab100000| Complete 
| 178|0x00000000ab200000, 0x00000000ab300000, 0x00000000ab300000|100%| E|CS|TAMS 0x00000000ab200000, 0x00000000ab200000| Complete 
| 179|0x00000000ab300000, 0x00000000ab400000, 0x00000000ab400000|100%| E|CS|TAMS 0x00000000ab300000, 0x00000000ab300000| Complete 
| 180|0x00000000ab400000, 0x00000000ab500000, 0x00000000ab500000|100%| E|CS|TAMS 0x00000000ab400000, 0x00000000ab400000| Complete 
| 181|0x00000000ab500000, 0x00000000ab600000, 0x00000000ab600000|100%| E|CS|TAMS 0x00000000ab500000, 0x00000000ab500000| Complete 
| 182|0x00000000ab600000, 0x00000000ab700000, 0x00000000ab700000|100%| E|CS|TAMS 0x00000000ab600000, 0x00000000ab600000| Complete 
| 183|0x00000000ab700000, 0x00000000ab800000, 0x00000000ab800000|100%| E|CS|TAMS 0x00000000ab700000, 0x00000000ab700000| Complete 
| 184|0x00000000ab800000, 0x00000000ab900000, 0x00000000ab900000|100%| E|CS|TAMS 0x00000000ab800000, 0x00000000ab800000| Complete 
| 185|0x00000000ab900000, 0x00000000aba00000, 0x00000000aba00000|100%| E|CS|TAMS 0x00000000ab900000, 0x00000000ab900000| Complete 
| 186|0x00000000aba00000, 0x00000000abb00000, 0x00000000abb00000|100%| E|CS|TAMS 0x00000000aba00000, 0x00000000aba00000| Complete 
| 187|0x00000000abb00000, 0x00000000abc00000, 0x00000000abc00000|100%| E|CS|TAMS 0x00000000abb00000, 0x00000000abb00000| Complete 
| 188|0x00000000abc00000, 0x00000000abd00000, 0x00000000abd00000|100%| E|CS|TAMS 0x00000000abc00000, 0x00000000abc00000| Complete 
| 189|0x00000000abd00000, 0x00000000abe00000, 0x00000000abe00000|100%| E|CS|TAMS 0x00000000abd00000, 0x00000000abd00000| Complete 
| 190|0x00000000abe00000, 0x00000000abf00000, 0x00000000abf00000|100%| E|CS|TAMS 0x00000000abe00000, 0x00000000abe00000| Complete 
| 191|0x00000000abf00000, 0x00000000ac000000, 0x00000000ac000000|100%| E|CS|TAMS 0x00000000abf00000, 0x00000000abf00000| Complete 
| 192|0x00000000ac000000, 0x00000000ac100000, 0x00000000ac100000|100%| E|CS|TAMS 0x00000000ac000000, 0x00000000ac000000| Complete 
| 193|0x00000000ac100000, 0x00000000ac200000, 0x00000000ac200000|100%| E|CS|TAMS 0x00000000ac100000, 0x00000000ac100000| Complete 
| 194|0x00000000ac200000, 0x00000000ac300000, 0x00000000ac300000|100%| E|CS|TAMS 0x00000000ac200000, 0x00000000ac200000| Complete 
| 195|0x00000000ac300000, 0x00000000ac400000, 0x00000000ac400000|100%| E|CS|TAMS 0x00000000ac300000, 0x00000000ac300000| Complete 
| 196|0x00000000ac400000, 0x00000000ac500000, 0x00000000ac500000|100%| E|CS|TAMS 0x00000000ac400000, 0x00000000ac400000| Complete 
| 197|0x00000000ac500000, 0x00000000ac600000, 0x00000000ac600000|100%| E|CS|TAMS 0x00000000ac500000, 0x00000000ac500000| Complete 
| 198|0x00000000ac600000, 0x00000000ac700000, 0x00000000ac700000|100%| E|CS|TAMS 0x00000000ac600000, 0x00000000ac600000| Complete 
| 199|0x00000000ac700000, 0x00000000ac800000, 0x00000000ac800000|100%| E|CS|TAMS 0x00000000ac700000, 0x00000000ac700000| Complete 
| 200|0x00000000ac800000, 0x00000000ac900000, 0x00000000ac900000|100%| E|CS|TAMS 0x00000000ac800000, 0x00000000ac800000| Complete 
| 201|0x00000000ac900000, 0x00000000aca00000, 0x00000000aca00000|100%| E|CS|TAMS 0x00000000ac900000, 0x00000000ac900000| Complete 
| 202|0x00000000aca00000, 0x00000000acb00000, 0x00000000acb00000|100%| E|CS|TAMS 0x00000000aca00000, 0x00000000aca00000| Complete 
| 203|0x00000000acb00000, 0x00000000acc00000, 0x00000000acc00000|100%| E|CS|TAMS 0x00000000acb00000, 0x00000000acb00000| Complete 
| 204|0x00000000acc00000, 0x00000000acd00000, 0x00000000acd00000|100%| E|CS|TAMS 0x00000000acc00000, 0x00000000acc00000| Complete 
| 205|0x00000000acd00000, 0x00000000ace00000, 0x00000000ace00000|100%| E|CS|TAMS 0x00000000acd00000, 0x00000000acd00000| Complete 
| 206|0x00000000ace00000, 0x00000000acf00000, 0x00000000acf00000|100%| E|CS|TAMS 0x00000000ace00000, 0x00000000ace00000| Complete 
| 207|0x00000000acf00000, 0x00000000ad000000, 0x00000000ad000000|100%| E|CS|TAMS 0x00000000acf00000, 0x00000000acf00000| Complete 
| 208|0x00000000ad000000, 0x00000000ad100000, 0x00000000ad100000|100%| E|CS|TAMS 0x00000000ad000000, 0x00000000ad000000| Complete 
| 209|0x00000000ad100000, 0x00000000ad200000, 0x00000000ad200000|100%| E|CS|TAMS 0x00000000ad100000, 0x00000000ad100000| Complete 
| 210|0x00000000ad200000, 0x00000000ad300000, 0x00000000ad300000|100%| E|CS|TAMS 0x00000000ad200000, 0x00000000ad200000| Complete 
| 211|0x00000000ad300000, 0x00000000ad400000, 0x00000000ad400000|100%| E|CS|TAMS 0x00000000ad300000, 0x00000000ad300000| Complete 
| 212|0x00000000ad400000, 0x00000000ad500000, 0x00000000ad500000|100%| E|CS|TAMS 0x00000000ad400000, 0x00000000ad400000| Complete 
| 213|0x00000000ad500000, 0x00000000ad600000, 0x00000000ad600000|100%| E|CS|TAMS 0x00000000ad500000, 0x00000000ad500000| Complete 
| 214|0x00000000ad600000, 0x00000000ad700000, 0x00000000ad700000|100%| E|CS|TAMS 0x00000000ad600000, 0x00000000ad600000| Complete 
| 215|0x00000000ad700000, 0x00000000ad800000, 0x00000000ad800000|100%| E|CS|TAMS 0x00000000ad700000, 0x00000000ad700000| Complete 
| 216|0x00000000ad800000, 0x00000000ad900000, 0x00000000ad900000|100%| E|CS|TAMS 0x00000000ad800000, 0x00000000ad800000| Complete 
| 217|0x00000000ad900000, 0x00000000ada00000, 0x00000000ada00000|100%| E|CS|TAMS 0x00000000ad900000, 0x00000000ad900000| Complete 
| 218|0x00000000ada00000, 0x00000000adb00000, 0x00000000adb00000|100%| E|CS|TAMS 0x00000000ada00000, 0x00000000ada00000| Complete 
| 219|0x00000000adb00000, 0x00000000adc00000, 0x00000000adc00000|100%| E|CS|TAMS 0x00000000adb00000, 0x00000000adb00000| Complete 
| 220|0x00000000adc00000, 0x00000000add00000, 0x00000000add00000|100%| E|CS|TAMS 0x00000000adc00000, 0x00000000adc00000| Complete 
| 221|0x00000000add00000, 0x00000000ade00000, 0x00000000ade00000|100%| E|CS|TAMS 0x00000000add00000, 0x00000000add00000| Complete 
| 222|0x00000000ade00000, 0x00000000adf00000, 0x00000000adf00000|100%| E|CS|TAMS 0x00000000ade00000, 0x00000000ade00000| Complete 
| 223|0x00000000adf00000, 0x00000000ae000000, 0x00000000ae000000|100%| E|CS|TAMS 0x00000000adf00000, 0x00000000adf00000| Complete 
| 224|0x00000000ae000000, 0x00000000ae100000, 0x00000000ae100000|100%| E|CS|TAMS 0x00000000ae000000, 0x00000000ae000000| Complete 
| 225|0x00000000ae100000, 0x00000000ae200000, 0x00000000ae200000|100%| E|CS|TAMS 0x00000000ae100000, 0x00000000ae100000| Complete 
| 226|0x00000000ae200000, 0x00000000ae300000, 0x00000000ae300000|100%| E|CS|TAMS 0x00000000ae200000, 0x00000000ae200000| Complete 
| 227|0x00000000ae300000, 0x00000000ae400000, 0x00000000ae400000|100%| E|CS|TAMS 0x00000000ae300000, 0x00000000ae300000| Complete 
| 228|0x00000000ae400000, 0x00000000ae500000, 0x00000000ae500000|100%| E|CS|TAMS 0x00000000ae400000, 0x00000000ae400000| Complete 
| 229|0x00000000ae500000, 0x00000000ae600000, 0x00000000ae600000|100%| E|CS|TAMS 0x00000000ae500000, 0x00000000ae500000| Complete 
| 230|0x00000000ae600000, 0x00000000ae700000, 0x00000000ae700000|100%| E|CS|TAMS 0x00000000ae600000, 0x00000000ae600000| Complete 
| 231|0x00000000ae700000, 0x00000000ae800000, 0x00000000ae800000|100%| E|CS|TAMS 0x00000000ae700000, 0x00000000ae700000| Complete 
| 232|0x00000000ae800000, 0x00000000ae900000, 0x00000000ae900000|100%| E|CS|TAMS 0x00000000ae800000, 0x00000000ae800000| Complete 
| 233|0x00000000ae900000, 0x00000000aea00000, 0x00000000aea00000|100%| E|CS|TAMS 0x00000000ae900000, 0x00000000ae900000| Complete 
| 234|0x00000000aea00000, 0x00000000aeb00000, 0x00000000aeb00000|100%| E|CS|TAMS 0x00000000aea00000, 0x00000000aea00000| Complete 
| 235|0x00000000aeb00000, 0x00000000aec00000, 0x00000000aec00000|100%| E|CS|TAMS 0x00000000aeb00000, 0x00000000aeb00000| Complete 
| 236|0x00000000aec00000, 0x00000000aed00000, 0x00000000aed00000|100%| E|CS|TAMS 0x00000000aec00000, 0x00000000aec00000| Complete 
| 237|0x00000000aed00000, 0x00000000aee00000, 0x00000000aee00000|100%| E|CS|TAMS 0x00000000aed00000, 0x00000000aed00000| Complete 
| 238|0x00000000aee00000, 0x00000000aef00000, 0x00000000aef00000|100%| E|CS|TAMS 0x00000000aee00000, 0x00000000aee00000| Complete 
| 239|0x00000000aef00000, 0x00000000af000000, 0x00000000af000000|100%| E|CS|TAMS 0x00000000aef00000, 0x00000000aef00000| Complete 
| 240|0x00000000af000000, 0x00000000af100000, 0x00000000af100000|100%| E|CS|TAMS 0x00000000af000000, 0x00000000af000000| Complete 
| 241|0x00000000af100000, 0x00000000af200000, 0x00000000af200000|100%| E|CS|TAMS 0x00000000af100000, 0x00000000af100000| Complete 
| 242|0x00000000af200000, 0x00000000af300000, 0x00000000af300000|100%| E|CS|TAMS 0x00000000af200000, 0x00000000af200000| Complete 
| 243|0x00000000af300000, 0x00000000af400000, 0x00000000af400000|100%| E|CS|TAMS 0x00000000af300000, 0x00000000af300000| Complete 
| 244|0x00000000af400000, 0x00000000af500000, 0x00000000af500000|100%| E|CS|TAMS 0x00000000af400000, 0x00000000af400000| Complete 
| 245|0x00000000af500000, 0x00000000af600000, 0x00000000af600000|100%| E|CS|TAMS 0x00000000af500000, 0x00000000af500000| Complete 
| 246|0x00000000af600000, 0x00000000af700000, 0x00000000af700000|100%| E|CS|TAMS 0x00000000af600000, 0x00000000af600000| Complete 
| 247|0x00000000af700000, 0x00000000af800000, 0x00000000af800000|100%| E|CS|TAMS 0x00000000af700000, 0x00000000af700000| Complete 
| 248|0x00000000af800000, 0x00000000af900000, 0x00000000af900000|100%| E|CS|TAMS 0x00000000af800000, 0x00000000af800000| Complete 
| 249|0x00000000af900000, 0x00000000afa00000, 0x00000000afa00000|100%| E|CS|TAMS 0x00000000af900000, 0x00000000af900000| Complete 
| 250|0x00000000afa00000, 0x00000000afb00000, 0x00000000afb00000|100%| E|CS|TAMS 0x00000000afa00000, 0x00000000afa00000| Complete 
| 251|0x00000000afb00000, 0x00000000afc00000, 0x00000000afc00000|100%| E|CS|TAMS 0x00000000afb00000, 0x00000000afb00000| Complete 
| 252|0x00000000afc00000, 0x00000000afd00000, 0x00000000afd00000|100%| E|CS|TAMS 0x00000000afc00000, 0x00000000afc00000| Complete 
| 253|0x00000000afd00000, 0x00000000afe00000, 0x00000000afe00000|100%| E|CS|TAMS 0x00000000afd00000, 0x00000000afd00000| Complete 
| 254|0x00000000afe00000, 0x00000000aff00000, 0x00000000aff00000|100%| E|CS|TAMS 0x00000000afe00000, 0x00000000afe00000| Complete 
| 255|0x00000000aff00000, 0x00000000b0000000, 0x00000000b0000000|100%| O|  |TAMS 0x00000000b0000000, 0x00000000aff00000| Untracked 
| 256|0x00000000b0000000, 0x00000000b0100000, 0x00000000b0100000|100%| E|CS|TAMS 0x00000000b0000000, 0x00000000b0000000| Complete 
| 257|0x00000000b0100000, 0x00000000b0200000, 0x00000000b0200000|100%| O|  |TAMS 0x00000000b0200000, 0x00000000b0100000| Untracked 
| 258|0x00000000b0200000, 0x00000000b0300000, 0x00000000b0300000|100%| E|CS|TAMS 0x00000000b0200000, 0x00000000b0200000| Complete 
| 259|0x00000000b0300000, 0x00000000b0400000, 0x00000000b0400000|100%| E|CS|TAMS 0x00000000b0300000, 0x00000000b0300000| Complete 
| 260|0x00000000b0400000, 0x00000000b0500000, 0x00000000b0500000|100%| E|CS|TAMS 0x00000000b0400000, 0x00000000b0400000| Complete 
| 261|0x00000000b0500000, 0x00000000b0600000, 0x00000000b0600000|100%| O|  |TAMS 0x00000000b0600000, 0x00000000b0500000| Untracked 
| 262|0x00000000b0600000, 0x00000000b0700000, 0x00000000b0700000|100%| E|CS|TAMS 0x00000000b0600000, 0x00000000b0600000| Complete 
| 263|0x00000000b0700000, 0x00000000b0800000, 0x00000000b0800000|100%| O|  |TAMS 0x00000000b0800000, 0x00000000b0700000| Untracked 
| 264|0x00000000b0800000, 0x00000000b0900000, 0x00000000b0900000|100%| E|CS|TAMS 0x00000000b0800000, 0x00000000b0800000| Complete 
| 265|0x00000000b0900000, 0x00000000b0a00000, 0x00000000b0a00000|100%| O|  |TAMS 0x00000000b0a00000, 0x00000000b0900000| Untracked 
| 266|0x00000000b0a00000, 0x00000000b0b00000, 0x00000000b0b00000|100%| E|CS|TAMS 0x00000000b0a00000, 0x00000000b0a00000| Complete 
| 267|0x00000000b0b00000, 0x00000000b0c00000, 0x00000000b0c00000|100%| E|CS|TAMS 0x00000000b0b00000, 0x00000000b0b00000| Complete 
| 268|0x00000000b0c00000, 0x00000000b0d00000, 0x00000000b0d00000|100%| O|  |TAMS 0x00000000b0c00000, 0x00000000b0c00000| Untracked 
| 269|0x00000000b0d00000, 0x00000000b0e00000, 0x00000000b0e00000|100%| E|CS|TAMS 0x00000000b0d00000, 0x00000000b0d00000| Complete 
| 270|0x00000000b0e00000, 0x00000000b0f00000, 0x00000000b0f00000|100%| E|CS|TAMS 0x00000000b0e00000, 0x00000000b0e00000| Complete 
| 271|0x00000000b0f00000, 0x00000000b1000000, 0x00000000b1000000|100%| O|  |TAMS 0x00000000b0f00000, 0x00000000b0f00000| Untracked 
| 272|0x00000000b1000000, 0x00000000b1100000, 0x00000000b1100000|100%| E|CS|TAMS 0x00000000b1000000, 0x00000000b1000000| Complete 
| 273|0x00000000b1100000, 0x00000000b1200000, 0x00000000b1200000|100%| O|  |TAMS 0x00000000b1100000, 0x00000000b1100000| Untracked 
| 274|0x00000000b1200000, 0x00000000b1300000, 0x00000000b1300000|100%| E|CS|TAMS 0x00000000b1200000, 0x00000000b1200000| Complete 
| 275|0x00000000b1300000, 0x00000000b1354600, 0x00000000b1400000| 32%| O|  |TAMS 0x00000000b1300000, 0x00000000b1300000| Untracked 

Card table byte_map: [0x00000154446b0000,0x00000154449b0000] _byte_map_base: 0x00000154441b0000

Marking Bits (Prev, Next): (CMBitMap*) 0x0000015431597898, (CMBitMap*) 0x00000154315978d0
 Prev Bits: [0x0000015444cb0000, 0x00000154464b0000)
 Next Bits: [0x00000154464b0000, 0x0000015447cb0000)

Polling page: 0x000001542f4a0000

Metaspace:

Usage:
  Non-class:     93.22 MB capacity,    91.24 MB ( 98%) used,     1.66 MB (  2%) free+waste,   330.88 KB ( <1%) overhead. 
      Class:     14.65 MB capacity,    13.52 MB ( 92%) used,  1016.70 KB (  7%) free+waste,   148.63 KB ( <1%) overhead. 
       Both:    107.88 MB capacity,   104.75 MB ( 97%) used,     2.65 MB (  2%) free+waste,   479.50 KB ( <1%) overhead. 

Virtual space:
  Non-class space:       94.00 MB reserved,      93.43 MB (>99%) committed 
      Class space:        1.00 GB reserved,      14.82 MB (  1%) committed 
             Both:        1.09 GB reserved,     108.25 MB ( 10%) committed 

Chunk freelists:
   Non-Class:  82.00 KB
       Class:  99.00 KB
        Both:  181.00 KB

MaxMetaspaceSize: 17179869184.00 GB
CompressedClassSpaceSize: 1.00 GB
Initial GC threshold: 20.80 MB
Current GC threshold: 179.18 MB
CDS: off

CodeHeap 'non-profiled nmethods': size=120000Kb used=10518Kb max_used=10518Kb free=109481Kb
 bounds [0x000001543cb40000, 0x000001543d590000, 0x0000015444070000]
CodeHeap 'profiled nmethods': size=120000Kb used=33336Kb max_used=33336Kb free=86663Kb
 bounds [0x0000015435610000, 0x00000154376a0000, 0x000001543cb40000]
CodeHeap 'non-nmethods': size=5760Kb used=2431Kb max_used=2485Kb free=3328Kb
 bounds [0x0000015435070000, 0x00000154352f0000, 0x0000015435610000]
 total_blobs=16074 nmethods=15120 adapters=866
 compilation: enabled
              stopped_count=0, restarted_count=0
 full_count=0

Compilation events (20 events):
Event: 6932.040 Thread 0x000001544afdc000 15144       3       org.gradle.internal.resource.cached.AbstractCachedIndex::lambda$lookup$0 (50 bytes)
Event: 6932.041 Thread 0x000001544afdc000 nmethod 15144 0x0000015437688d10 code [0x0000015437688f80, 0x0000015437689bd8]
Event: 6932.041 Thread 0x000001544afdc000 15145       3       org.gradle.internal.resource.cached.AbstractCachedIndex::getPersistentCache (20 bytes)
Event: 6932.041 Thread 0x000001544afdc000 nmethod 15145 0x0000015437689f90 code [0x000001543768a160, 0x000001543768a428]
Event: 6932.041 Thread 0x000001544afdc000 15146       3       org.gradle.api.internal.artifacts.ivyservice.modulecache.artifacts.DefaultModuleArtifactCache$CachedArtifactSerializer::read (6 bytes)
Event: 6932.041 Thread 0x000001544afdc000 nmethod 15146 0x000001543768a510 code [0x000001543768a6c0, 0x000001543768a808]
Event: 6932.041 Thread 0x000001544afdc000 15147       3       org.gradle.api.internal.artifacts.ivyservice.modulecache.artifacts.DefaultModuleArtifactCache$CachedArtifactSerializer::read (116 bytes)
Event: 6932.042 Thread 0x000001544afdc000 nmethod 15147 0x000001543768a890 code [0x000001543768ab80, 0x000001543768bda8]
Event: 6932.045 Thread 0x000001544afdc000 15148       3       org.gradle.internal.operations.DefaultBuildOperationQueue$WorkerRunnable::doRunBatch (26 bytes)
Event: 6932.046 Thread 0x000001544afdc000 nmethod 15148 0x000001543768c490 code [0x000001543768c6a0, 0x000001543768cb88]
Event: 6932.046 Thread 0x000001544afdc000 15149       3       org.gradle.internal.operations.DefaultBuildOperationQueue$WorkerRunnable$$Lambda$583/0x0000000100678040::create (12 bytes)
Event: 6932.047 Thread 0x000001544afdc000 nmethod 15149 0x000001543768cf10 code [0x000001543768d140, 0x000001543768d738]
Event: 6932.047 Thread 0x000001544afdc000 15150       3       org.gradle.internal.operations.DefaultBuildOperationQueue$WorkerRunnable::lambda$runBatch$0 (9 bytes)
Event: 6932.047 Thread 0x000001544afdc000 nmethod 15150 0x000001543768db10 code [0x000001543768dd60, 0x000001543768e548]
Event: 6932.048 Thread 0x000001544ecc1000 nmethod 15125 0x000001543d581f10 code [0x000001543d582140, 0x000001543d582ad0]
Event: 6932.048 Thread 0x000001544ecc1000 15142       4       org.gradle.internal.resources.DefaultResourceLockCoordinationService$AcquireLocks::transform (62 bytes)
Event: 6932.057 Thread 0x000001544ecc1000 nmethod 15142 0x000001543d583090 code [0x000001543d5832a0, 0x000001543d5837f8]
Event: 6932.057 Thread 0x000001544ecc1000 15141       4       org.gradle.internal.resources.DefaultResourceLockCoordinationService$AcquireLocks::transform (9 bytes)
Event: 6932.059 Thread 0x000001544afdc000 15151       3       org.gradle.api.internal.artifacts.DefaultModuleVersionIdentifier::<init> (98 bytes)
Event: 6932.059 Thread 0x000001544afdc000 nmethod 15151 0x000001543768ea10 code [0x000001543768ec00, 0x000001543768efb8]

GC Heap History (20 events):
Event: 17.235 GC heap before
{Heap before GC invocations=12 (full 0):
 garbage-first heap   total 260096K, used 188029K [0x00000000a0000000, 0x0000000100000000)
  region size 1024K, 134 young (137216K), 14 survivors (14336K)
 Metaspace       used 77671K, capacity 79826K, committed 80084K, reserved 1118208K
  class space    used 10136K, capacity 10939K, committed 10956K, reserved 1048576K
}
Event: 17.246 GC heap after
{Heap after GC invocations=13 (full 0):
 garbage-first heap   total 260096K, used 73562K [0x00000000a0000000, 0x0000000100000000)
  region size 1024K, 15 young (15360K), 15 survivors (15360K)
 Metaspace       used 77671K, capacity 79826K, committed 80084K, reserved 1118208K
  class space    used 10136K, capacity 10939K, committed 10956K, reserved 1048576K
}
Event: 20.795 GC heap before
{Heap before GC invocations=13 (full 0):
 garbage-first heap   total 260096K, used 195418K [0x00000000a0000000, 0x0000000100000000)
  region size 1024K, 133 young (136192K), 15 survivors (15360K)
 Metaspace       used 83873K, capacity 86321K, committed 86484K, reserved 1124352K
  class space    used 11023K, capacity 11940K, committed 11980K, reserved 1048576K
}
Event: 20.807 GC heap after
{Heap after GC invocations=14 (full 0):
 garbage-first heap   total 260096K, used 87767K [0x00000000a0000000, 0x0000000100000000)
  region size 1024K, 17 young (17408K), 17 survivors (17408K)
 Metaspace       used 83873K, capacity 86321K, committed 86484K, reserved 1124352K
  class space    used 11023K, capacity 11940K, committed 11980K, reserved 1048576K
}
Event: 21.961 GC heap before
{Heap before GC invocations=14 (full 0):
 garbage-first heap   total 260096K, used 196311K [0x00000000a0000000, 0x0000000100000000)
  region size 1024K, 124 young (126976K), 17 survivors (17408K)
 Metaspace       used 91415K, capacity 94105K, committed 94292K, reserved 1130496K
  class space    used 12042K, capacity 13053K, committed 13132K, reserved 1048576K
}
Event: 21.975 GC heap after
{Heap after GC invocations=15 (full 0):
 garbage-first heap   total 260096K, used 100571K [0x00000000a0000000, 0x0000000100000000)
  region size 1024K, 12 young (12288K), 12 survivors (12288K)
 Metaspace       used 91415K, capacity 94105K, committed 94292K, reserved 1130496K
  class space    used 12042K, capacity 13053K, committed 13132K, reserved 1048576K
}
Event: 29.380 GC heap before
{Heap before GC invocations=15 (full 0):
 garbage-first heap   total 260096K, used 199899K [0x00000000a0000000, 0x0000000100000000)
  region size 1024K, 110 young (112640K), 12 survivors (12288K)
 Metaspace       used 96435K, capacity 99523K, committed 99668K, reserved 1134592K
  class space    used 12676K, capacity 13806K, committed 13900K, reserved 1048576K
}
Event: 29.391 GC heap after
{Heap after GC invocations=16 (full 0):
 garbage-first heap   total 260096K, used 105298K [0x00000000a0000000, 0x0000000100000000)
  region size 1024K, 6 young (6144K), 6 survivors (6144K)
 Metaspace       used 96435K, capacity 99523K, committed 99668K, reserved 1134592K
  class space    used 12676K, capacity 13806K, committed 13900K, reserved 1048576K
}
Event: 29.509 GC heap before
{Heap before GC invocations=16 (full 0):
 garbage-first heap   total 260096K, used 125778K [0x00000000a0000000, 0x0000000100000000)
  region size 1024K, 27 young (27648K), 6 survivors (6144K)
 Metaspace       used 97857K, capacity 100931K, committed 101048K, reserved 1136640K
  class space    used 12870K, capacity 13998K, committed 14028K, reserved 1048576K
}
Event: 29.514 GC heap after
{Heap after GC invocations=17 (full 0):
 garbage-first heap   total 260096K, used 105096K [0x00000000a0000000, 0x0000000100000000)
  region size 1024K, 6 young (6144K), 6 survivors (6144K)
 Metaspace       used 97857K, capacity 100931K, committed 101048K, reserved 1136640K
  class space    used 12870K, capacity 13998K, committed 14028K, reserved 1048576K
}
Event: 29.987 GC heap before
{Heap before GC invocations=18 (full 0):
 garbage-first heap   total 260096K, used 153224K [0x00000000a0000000, 0x0000000100000000)
  region size 1024K, 55 young (56320K), 6 survivors (6144K)
 Metaspace       used 100293K, capacity 103324K, committed 103556K, reserved 1138688K
  class space    used 13139K, capacity 14228K, committed 14284K, reserved 1048576K
}
Event: 29.997 GC heap after
{Heap after GC invocations=19 (full 0):
 garbage-first heap   total 260096K, used 108380K [0x00000000a0000000, 0x0000000100000000)
  region size 1024K, 9 young (9216K), 9 survivors (9216K)
 Metaspace       used 100293K, capacity 103324K, committed 103556K, reserved 1138688K
  class space    used 13139K, capacity 14228K, committed 14284K, reserved 1048576K
}
Event: 31.368 GC heap before
{Heap before GC invocations=20 (full 0):
 garbage-first heap   total 260096K, used 258908K [0x00000000a0000000, 0x0000000100000000)
  region size 1024K, 73 young (74752K), 9 survivors (9216K)
 Metaspace       used 103355K, capacity 106456K, committed 106500K, reserved 1140736K
  class space    used 13453K, capacity 14625K, committed 14668K, reserved 1048576K
}
Event: 31.377 GC heap after
{Heap after GC invocations=21 (full 0):
 garbage-first heap   total 273408K, used 112276K [0x00000000a0000000, 0x0000000100000000)
  region size 1024K, 8 young (8192K), 8 survivors (8192K)
 Metaspace       used 103355K, capacity 106456K, committed 106500K, reserved 1140736K
  class space    used 13453K, capacity 14625K, committed 14668K, reserved 1048576K
}
Event: 32.142 GC heap before
{Heap before GC invocations=21 (full 0):
 garbage-first heap   total 273408K, used 186004K [0x00000000a0000000, 0x0000000100000000)
  region size 1024K, 64 young (65536K), 8 survivors (8192K)
 Metaspace       used 106312K, capacity 109508K, committed 109700K, reserved 1144832K
  class space    used 13809K, capacity 15012K, committed 15052K, reserved 1048576K
}
Event: 32.149 GC heap after
{Heap after GC invocations=22 (full 0):
 garbage-first heap   total 273408K, used 134785K [0x00000000a0000000, 0x0000000100000000)
  region size 1024K, 8 young (8192K), 8 survivors (8192K)
 Metaspace       used 106312K, capacity 109508K, committed 109700K, reserved 1144832K
  class space    used 13809K, capacity 15012K, committed 15052K, reserved 1048576K
}
Event: 594.017 GC heap before
{Heap before GC invocations=23 (full 0):
 garbage-first heap   total 273408K, used 273025K [0x00000000a0000000, 0x0000000100000000)
  region size 1024K, 51 young (52224K), 8 survivors (8192K)
 Metaspace       used 106896K, capacity 109997K, committed 110340K, reserved 1144832K
  class space    used 13831K, capacity 14991K, committed 15180K, reserved 1048576K
}
Event: 594.024 GC heap after
{Heap after GC invocations=24 (full 0):
 garbage-first heap   total 282624K, used 116583K [0x00000000a0000000, 0x0000000100000000)
  region size 1024K, 5 young (5120K), 5 survivors (5120K)
 Metaspace       used 106896K, capacity 109997K, committed 110340K, reserved 1144832K
  class space    used 13831K, capacity 14991K, committed 15180K, reserved 1048576K
}
Event: 4145.615 GC heap before
{Heap before GC invocations=24 (full 0):
 garbage-first heap   total 282624K, used 212839K [0x00000000a0000000, 0x0000000100000000)
  region size 1024K, 99 young (101376K), 5 survivors (5120K)
 Metaspace       used 107099K, capacity 110264K, committed 110596K, reserved 1144832K
  class space    used 13833K, capacity 14994K, committed 15180K, reserved 1048576K
}
Event: 4145.624 GC heap after
{Heap after GC invocations=25 (full 0):
 garbage-first heap   total 282624K, used 116284K [0x00000000a0000000, 0x0000000100000000)
  region size 1024K, 5 young (5120K), 5 survivors (5120K)
 Metaspace       used 107099K, capacity 110264K, committed 110596K, reserved 1144832K
  class space    used 13833K, capacity 14994K, committed 15180K, reserved 1048576K
}

Deoptimization events (20 events):
Event: 6931.727 Thread 0x0000015452528000 Uncommon trap: trap_request=0xffffff4d fr.pc=0x000001543d4275b4 relative=0x0000000000002bb4
Event: 6931.727 Thread 0x0000015452528000 Uncommon trap: reason=unstable_if action=reinterpret pc=0x000001543d4275b4 method=org.gradle.api.internal.attributes.DefaultCompatibilityRuleChain.doesSomething()Z @ 9 c2
Event: 6931.727 Thread 0x0000015452528000 DEOPT PACKING pc=0x000001543d4275b4 sp=0x00000052c5ef8720
Event: 6931.727 Thread 0x0000015452528000 DEOPT UNPACKING pc=0x00000154350785af sp=0x00000052c5ef86f0 mode 2
Event: 6931.728 Thread 0x0000015452528000 Uncommon trap: trap_request=0xffffffde fr.pc=0x000001543d217de0 relative=0x0000000000000560
Event: 6931.728 Thread 0x0000015452528000 Uncommon trap: reason=class_check action=maybe_recompile pc=0x000001543d217de0 method=java.util.regex.Pattern$Loop.match(Ljava/util/regex/Matcher;ILjava/lang/CharSequence;)Z @ 192 c2
Event: 6931.728 Thread 0x0000015452528000 DEOPT PACKING pc=0x000001543d217de0 sp=0x00000052c5ef8040
Event: 6931.728 Thread 0x0000015452528000 DEOPT UNPACKING pc=0x00000154350785af sp=0x00000052c5ef7fc8 mode 2
Event: 6931.728 Thread 0x0000015452528000 Uncommon trap: trap_request=0xffffffde fr.pc=0x000001543d217de0 relative=0x0000000000000560
Event: 6931.728 Thread 0x0000015452528000 Uncommon trap: reason=class_check action=maybe_recompile pc=0x000001543d217de0 method=java.util.regex.Pattern$Loop.match(Ljava/util/regex/Matcher;ILjava/lang/CharSequence;)Z @ 192 c2
Event: 6931.728 Thread 0x0000015452528000 DEOPT PACKING pc=0x000001543d217de0 sp=0x00000052c5ef8030
Event: 6931.728 Thread 0x0000015452528000 DEOPT UNPACKING pc=0x00000154350785af sp=0x00000052c5ef7fb8 mode 2
Event: 6931.826 Thread 0x0000015452528000 Uncommon trap: trap_request=0xffffffde fr.pc=0x000001543d217de0 relative=0x0000000000000560
Event: 6931.826 Thread 0x0000015452528000 Uncommon trap: reason=class_check action=maybe_recompile pc=0x000001543d217de0 method=java.util.regex.Pattern$Loop.match(Ljava/util/regex/Matcher;ILjava/lang/CharSequence;)Z @ 192 c2
Event: 6931.826 Thread 0x0000015452528000 DEOPT PACKING pc=0x000001543d217de0 sp=0x00000052c5ef81a0
Event: 6931.826 Thread 0x0000015452528000 DEOPT UNPACKING pc=0x00000154350785af sp=0x00000052c5ef8128 mode 2
Event: 6931.826 Thread 0x0000015452528000 Uncommon trap: trap_request=0xffffffde fr.pc=0x000001543d217de0 relative=0x0000000000000560
Event: 6931.826 Thread 0x0000015452528000 Uncommon trap: reason=class_check action=maybe_recompile pc=0x000001543d217de0 method=java.util.regex.Pattern$Loop.match(Ljava/util/regex/Matcher;ILjava/lang/CharSequence;)Z @ 192 c2
Event: 6931.826 Thread 0x0000015452528000 DEOPT PACKING pc=0x000001543d217de0 sp=0x00000052c5ef8190
Event: 6931.826 Thread 0x0000015452528000 DEOPT UNPACKING pc=0x00000154350785af sp=0x00000052c5ef8118 mode 2

Classes redefined (0 events):
No events

Internal exceptions (20 events):
Event: 32.423 Thread 0x0000015452312800 Exception <a 'java/lang/ClassNotFoundException'{0x00000000b031b958}: com/android/build/gradle/tasks/PackageApplication_DecoratedCustomizer> (0x00000000b031b958) thrown at [./src/hotspot/share/classfile/systemDictionary.cpp, line 231]
Event: 32.427 Thread 0x0000015452312800 Exception <a 'java/lang/ClassNotFoundException'{0x00000000b024af18}: org/gradle/api/internal/file/DefaultFilePropertyFactory$DefaultDirectoryVarBeanInfo> (0x00000000b024af18) thrown at [./src/hotspot/share/classfile/systemDictionary.cpp, line 231]
Event: 32.428 Thread 0x0000015452312800 Exception <a 'java/lang/ClassNotFoundException'{0x00000000b0289310}: org/gradle/api/internal/file/DefaultFilePropertyFactory$AbstractFileVarBeanInfo> (0x00000000b0289310) thrown at [./src/hotspot/share/classfile/systemDictionary.cpp, line 231]
Event: 32.428 Thread 0x0000015452312800 Exception <a 'java/lang/ClassNotFoundException'{0x00000000b02bf040}: org/gradle/api/internal/provider/DefaultPropertyBeanInfo> (0x00000000b02bf040) thrown at [./src/hotspot/share/classfile/systemDictionary.cpp, line 231]
Event: 32.428 Thread 0x0000015452312800 Exception <a 'java/lang/ClassNotFoundException'{0x00000000b02f4ed8}: org/gradle/api/internal/provider/AbstractPropertyBeanInfo> (0x00000000b02f4ed8) thrown at [./src/hotspot/share/classfile/systemDictionary.cpp, line 231]
Event: 32.429 Thread 0x0000015452312800 Exception <a 'java/lang/ClassNotFoundException'{0x00000000b002d908}: org/gradle/api/internal/provider/AbstractPropertyCustomizer> (0x00000000b002d908) thrown at [./src/hotspot/share/classfile/systemDictionary.cpp, line 231]
Event: 32.430 Thread 0x0000015452312800 Exception <a 'java/lang/ClassNotFoundException'{0x00000000b00713c0}: org/gradle/api/internal/provider/DefaultPropertyCustomizer> (0x00000000b00713c0) thrown at [./src/hotspot/share/classfile/systemDictionary.cpp, line 231]
Event: 32.432 Thread 0x0000015452312800 Exception <a 'java/lang/ClassNotFoundException'{0x00000000b00c4928}: org/gradle/api/internal/file/DefaultFilePropertyFactory$AbstractFileVarCustomizer> (0x00000000b00c4928) thrown at [./src/hotspot/share/classfile/systemDictionary.cpp, line 231]
Event: 32.437 Thread 0x0000015452312800 Exception <a 'java/lang/ClassNotFoundException'{0x00000000afe5bb00}: org/gradle/api/internal/file/DefaultFilePropertyFactory$DefaultDirectoryVarCustomizer> (0x00000000afe5bb00) thrown at [./src/hotspot/share/classfile/systemDictionary.cpp, line 231]
Event: 32.443 Thread 0x0000015452312800 Exception <a 'java/lang/ClassNotFoundException'{0x00000000afbf51e8}: org/codehaus/groovy/runtime/HandleMetaClassBeanInfo> (0x00000000afbf51e8) thrown at [./src/hotspot/share/classfile/systemDictionary.cpp, line 231]
Event: 32.444 Thread 0x0000015452312800 Exception <a 'java/lang/ClassNotFoundException'{0x00000000afa3bca0}: groovy/lang/DelegatingMetaClassBeanInfo> (0x00000000afa3bca0) thrown at [./src/hotspot/share/classfile/systemDictionary.cpp, line 231]
Event: 32.445 Thread 0x0000015452312800 Exception <a 'java/lang/ClassNotFoundException'{0x00000000afa81ba8}: groovy/lang/DelegatingMetaClassCustomizer> (0x00000000afa81ba8) thrown at [./src/hotspot/share/classfile/systemDictionary.cpp, line 231]
Event: 32.448 Thread 0x0000015452312800 Exception <a 'java/lang/ClassNotFoundException'{0x00000000af7c2970}: org/codehaus/groovy/runtime/HandleMetaClassCustomizer> (0x00000000af7c2970) thrown at [./src/hotspot/share/classfile/systemDictionary.cpp, line 231]
Event: 32.451 Thread 0x0000015452312800 Exception <a 'java/lang/ClassNotFoundException'{0x00000000af6ff7e8}: java/util/Collections$SingletonListBeanInfo> (0x00000000af6ff7e8) thrown at [./src/hotspot/share/classfile/systemDictionary.cpp, line 231]
Event: 32.451 Thread 0x0000015452312800 Exception <a 'java/lang/ClassNotFoundException'{0x00000000af50d9f8}: java/util/Collections$SingletonListCustomizer> (0x00000000af50d9f8) thrown at [./src/hotspot/share/classfile/systemDictionary.cpp, line 231]
Event: 32.455 Thread 0x0000015452312800 Exception <a 'java/lang/ClassNotFoundException'{0x00000000af57ce70}: com/android/build/OutputFileBeanInfo> (0x00000000af57ce70) thrown at [./src/hotspot/share/classfile/systemDictionary.cpp, line 231]
Event: 32.455 Thread 0x0000015452312800 Exception <a 'java/lang/ClassNotFoundException'{0x00000000af5937f8}: com/android/build/OutputFileCustomizer> (0x00000000af5937f8) thrown at [./src/hotspot/share/classfile/systemDictionary.cpp, line 231]
Event: 32.647 Thread 0x000001544d5be000 Implicit null exception at 0x000001543d02da31 to 0x000001543d02e240
Event: 32.647 Thread 0x000001544d5be000 Implicit null exception at 0x000001543d30912f to 0x000001543d30917c
Event: 6931.518 Thread 0x0000015452528000 Implicit null exception at 0x000001543d51f311 to 0x000001543d525c38

Events (20 events):
Event: 6931.975 Thread 0x00000154502f7800 Thread added: 0x00000154502f7800
Event: 6931.976 Thread 0x00000154502f8000 Thread added: 0x00000154502f8000
Event: 6931.976 Thread 0x000001544ef8d000 Thread added: 0x000001544ef8d000
Event: 6931.976 Thread 0x000001544ef89000 Thread added: 0x000001544ef89000
Event: 6931.976 Thread 0x000001544ef8a000 Thread added: 0x000001544ef8a000
Event: 6931.976 Thread 0x000001544ef8b800 Thread added: 0x000001544ef8b800
Event: 6931.976 Thread 0x000001544ef8a800 Thread added: 0x000001544ef8a800
Event: 6931.977 Thread 0x000001544ef88800 Thread added: 0x000001544ef88800
Event: 6931.977 Thread 0x000001544ef92000 Thread added: 0x000001544ef92000
Event: 6931.977 Thread 0x000001544ef8e000 Thread added: 0x000001544ef8e000
Event: 6931.977 Thread 0x000001544ef8f800 Thread added: 0x000001544ef8f800
Event: 6931.977 Thread 0x000001544ef8f000 Thread added: 0x000001544ef8f000
Event: 6931.978 Thread 0x000001544ef91800 Thread added: 0x000001544ef91800
Event: 6931.978 Thread 0x000001544ef8c800 Thread added: 0x000001544ef8c800
Event: 6931.978 Thread 0x000001544ef90800 Thread added: 0x000001544ef90800
Event: 6931.978 Thread 0x000001544ef93000 Thread added: 0x000001544ef93000
Event: 6931.978 Thread 0x000001544ef93800 Thread added: 0x000001544ef93800
Event: 6931.978 Thread 0x000001544ef95800 Thread added: 0x000001544ef95800
Event: 6931.978 Thread 0x000001544ef94800 Thread added: 0x000001544ef94800
Event: 6932.040 Thread 0x000001544ecc1000 Thread added: 0x000001544ecc1000


Dynamic libraries:
0x00007ff7af0e0000 - 0x00007ff7af0ea000 	D:\Lab\WorkStation\Android\Android Studio\jre\bin\java.exe
0x00007ffc1b2a0000 - 0x00007ffc1b4a9000 	C:\Windows\SYSTEM32\ntdll.dll
0x00007ffc19e30000 - 0x00007ffc19eed000 	C:\Windows\System32\KERNEL32.DLL
0x00007ffc18730000 - 0x00007ffc18ab4000 	C:\Windows\System32\KERNELBASE.dll
0x00007ffc15770000 - 0x00007ffc15802000 	C:\Windows\SYSTEM32\apphelp.dll
0x00007ffc18dc0000 - 0x00007ffc18ed1000 	C:\Windows\System32\ucrtbase.dll
0x00007ffc12310000 - 0x00007ffc12329000 	D:\Lab\WorkStation\Android\Android Studio\jre\bin\jli.dll
0x00007ffc11fa0000 - 0x00007ffc11fb7000 	D:\Lab\WorkStation\Android\Android Studio\jre\bin\VCRUNTIME140.dll
0x00007ffc19560000 - 0x00007ffc1970d000 	C:\Windows\System32\USER32.dll
0x00007ffbed3b0000 - 0x00007ffbed655000 	C:\Windows\WinSxS\amd64_microsoft.windows.common-controls_6595b64144ccf1df_6.0.22000.120_none_9d947278b86cc467\COMCTL32.dll
0x00007ffc19ef0000 - 0x00007ffc19f93000 	C:\Windows\System32\msvcrt.dll
0x00007ffc19850000 - 0x00007ffc1987a000 	C:\Windows\System32\GDI32.dll
0x00007ffc18ee0000 - 0x00007ffc18f06000 	C:\Windows\System32\win32u.dll
0x00007ffc18b40000 - 0x00007ffc18c5e000 	C:\Windows\System32\gdi32full.dll
0x00007ffc18d20000 - 0x00007ffc18dbd000 	C:\Windows\System32\msvcp_win.dll
0x00007ffc1b060000 - 0x00007ffc1b091000 	C:\Windows\System32\IMM32.DLL
0x00007ffbd7700000 - 0x00007ffbd779d000 	D:\Lab\WorkStation\Android\Android Studio\jre\bin\msvcp140.dll
0x00007ffba8760000 - 0x00007ffba9262000 	D:\Lab\WorkStation\Android\Android Studio\jre\bin\server\jvm.dll
0x00007ffc19cf0000 - 0x00007ffc19d9e000 	C:\Windows\System32\ADVAPI32.dll
0x00007ffc19290000 - 0x00007ffc1932e000 	C:\Windows\System32\sechost.dll
0x00007ffc19710000 - 0x00007ffc19831000 	C:\Windows\System32\RPCRT4.dll
0x00007ffc1b050000 - 0x00007ffc1b058000 	C:\Windows\System32\PSAPI.DLL
0x00007ffc10c20000 - 0x00007ffc10c53000 	C:\Windows\SYSTEM32\WINMM.dll
0x00007ffc122f0000 - 0x00007ffc122f9000 	C:\Windows\SYSTEM32\WSOCK32.dll
0x00007ffc12070000 - 0x00007ffc1207a000 	C:\Windows\SYSTEM32\VERSION.dll
0x00007ffc1a430000 - 0x00007ffc1a49f000 	C:\Windows\System32\WS2_32.dll
0x00007ffc17760000 - 0x00007ffc17778000 	C:\Windows\SYSTEM32\kernel.appcore.dll
0x00007ffc11f80000 - 0x00007ffc11f91000 	D:\Lab\WorkStation\Android\Android Studio\jre\bin\verify.dll
0x00007ffc15aa0000 - 0x00007ffc15cc1000 	C:\Windows\SYSTEM32\DBGHELP.DLL
0x00007ffc0c3e0000 - 0x00007ffc0c411000 	C:\Windows\SYSTEM32\dbgcore.DLL
0x00007ffc18ac0000 - 0x00007ffc18b3f000 	C:\Windows\System32\bcryptPrimitives.dll
0x00007ffc10f40000 - 0x00007ffc10f69000 	D:\Lab\WorkStation\Android\Android Studio\jre\bin\java.dll
0x00007ffc12290000 - 0x00007ffc1229b000 	D:\Lab\WorkStation\Android\Android Studio\jre\bin\jimage.dll
0x00007ffc04810000 - 0x00007ffc04828000 	D:\Lab\WorkStation\Android\Android Studio\jre\bin\zip.dll
0x00007ffc1a500000 - 0x00007ffc1acc5000 	C:\Windows\System32\SHELL32.dll
0x00007ffc167c0000 - 0x00007ffc17022000 	C:\Windows\SYSTEM32\windows.storage.dll
0x00007ffc19970000 - 0x00007ffc19ce6000 	C:\Windows\System32\combase.dll
0x00007ffc16650000 - 0x00007ffc167b7000 	C:\Windows\SYSTEM32\wintypes.dll
0x00007ffc19880000 - 0x00007ffc1996a000 	C:\Windows\System32\SHCORE.dll
0x00007ffc1a4a0000 - 0x00007ffc1a4fd000 	C:\Windows\System32\shlwapi.dll
0x00007ffc18660000 - 0x00007ffc18685000 	C:\Windows\SYSTEM32\profapi.dll
0x00007ffc03ac0000 - 0x00007ffc03ada000 	D:\Lab\WorkStation\Android\Android Studio\jre\bin\net.dll
0x00007ffc131e0000 - 0x00007ffc132f4000 	C:\Windows\SYSTEM32\WINHTTP.dll
0x00007ffc17c00000 - 0x00007ffc17c67000 	C:\Windows\system32\mswsock.dll
0x00007ffc039f0000 - 0x00007ffc03a04000 	D:\Lab\WorkStation\Android\Android Studio\jre\bin\nio.dll
0x00007ffbffd70000 - 0x00007ffbffd97000 	C:\Users\Ryuuzaki\.gradle\native\e1d6ef7f7dcc3fd88c89a11ec53ec762bb8ba0a96d01ffa2cd45eb1d1d8dd5c5\windows-amd64\native-platform.dll
0x00007ffbce1f0000 - 0x00007ffbce334000 	C:\Users\Ryuuzaki\.gradle\native\0d407fdbe67a94daf76414ababcb853783967236a71b16ec16e742cd7a986fd3\windows-amd64\native-platform-file-events.dll
0x00007ffc11b40000 - 0x00007ffc11b4a000 	D:\Lab\WorkStation\Android\Android Studio\jre\bin\management.dll
0x00007ffc10f30000 - 0x00007ffc10f3d000 	D:\Lab\WorkStation\Android\Android Studio\jre\bin\management_ext.dll
0x00007ffc17f40000 - 0x00007ffc17f58000 	C:\Windows\SYSTEM32\CRYPTSP.dll
0x00007ffc176c0000 - 0x00007ffc176f5000 	C:\Windows\system32\rsaenh.dll
0x00007ffc17ca0000 - 0x00007ffc17ccc000 	C:\Windows\SYSTEM32\USERENV.dll
0x00007ffc18100000 - 0x00007ffc18127000 	C:\Windows\SYSTEM32\bcrypt.dll
0x00007ffc17df0000 - 0x00007ffc17dfc000 	C:\Windows\SYSTEM32\CRYPTBASE.dll
0x00007ffc17280000 - 0x00007ffc172ad000 	C:\Windows\SYSTEM32\IPHLPAPI.DLL
0x00007ffc19fa0000 - 0x00007ffc19fa9000 	C:\Windows\System32\NSI.dll
0x00007ffc10f70000 - 0x00007ffc10f89000 	C:\Windows\SYSTEM32\dhcpcsvc6.DLL
0x00007ffc117f0000 - 0x00007ffc1180e000 	C:\Windows\SYSTEM32\dhcpcsvc.DLL
0x00007ffc172b0000 - 0x00007ffc17397000 	C:\Windows\SYSTEM32\DNSAPI.dll

dbghelp: loaded successfully - version: 4.0.5 - missing functions: none
symbol engine: initialized successfully - sym options: 0x614 - pdb path: .;D:\Lab\WorkStation\Android\Android Studio\jre\bin;C:\Windows\SYSTEM32;C:\Windows\WinSxS\amd64_microsoft.windows.common-controls_6595b64144ccf1df_6.0.22000.120_none_9d947278b86cc467;D:\Lab\WorkStation\Android\Android Studio\jre\bin\server;C:\Users\Ryuuzaki\.gradle\native\e1d6ef7f7dcc3fd88c89a11ec53ec762bb8ba0a96d01ffa2cd45eb1d1d8dd5c5\windows-amd64;C:\Users\Ryuuzaki\.gradle\native\0d407fdbe67a94daf76414ababcb853783967236a71b16ec16e742cd7a986fd3\windows-amd64

VM Arguments:
jvm_args: --add-opens=java.base/java.util=ALL-UNNAMED --add-opens=java.base/java.lang=ALL-UNNAMED --add-opens=java.base/java.lang.invoke=ALL-UNNAMED --add-opens=java.base/java.util=ALL-UNNAMED --add-opens=java.prefs/java.util.prefs=ALL-UNNAMED --add-opens=java.prefs/java.util.prefs=ALL-UNNAMED --add-opens=java.base/java.nio.charset=ALL-UNNAMED --add-opens=java.base/java.net=ALL-UNNAMED --add-opens=java.base/java.util.concurrent.atomic=ALL-UNNAMED -Xmx1536M -Dfile.encoding=windows-1252 -Duser.country=MX -Duser.language=es -Duser.variant 
java_command: org.gradle.launcher.daemon.bootstrap.GradleDaemon 7.5
java_class_path (initial): C:\Users\Ryuuzaki\.gradle\wrapper\dists\gradle-7.5-all\6qsw290k5lz422uaf8jf6m7co\gradle-7.5\lib\gradle-launcher-7.5.jar
Launcher Type: SUN_STANDARD

[Global flags]
     intx CICompilerCount                          = 4                                         {product} {ergonomic}
     uint ConcGCThreads                            = 2                                         {product} {ergonomic}
     uint G1ConcRefinementThreads                  = 8                                         {product} {ergonomic}
   size_t G1HeapRegionSize                         = 1048576                                   {product} {ergonomic}
    uintx GCDrainStackTargetSize                   = 64                                        {product} {ergonomic}
   size_t InitialHeapSize                          = 266338304                                 {product} {ergonomic}
   size_t MarkStackSize                            = 4194304                                   {product} {ergonomic}
   size_t MaxHeapSize                              = 1610612736                                {product} {command line}
   size_t MaxNewSize                               = 965738496                                 {product} {ergonomic}
   size_t MinHeapDeltaBytes                        = 1048576                                   {product} {ergonomic}
    uintx NonNMethodCodeHeapSize                   = 5836300                                {pd product} {ergonomic}
    uintx NonProfiledCodeHeapSize                  = 122910970                              {pd product} {ergonomic}
    uintx ProfiledCodeHeapSize                     = 122910970                              {pd product} {ergonomic}
    uintx ReservedCodeCacheSize                    = 251658240                              {pd product} {ergonomic}
     bool SegmentedCodeCache                       = true                                      {product} {ergonomic}
     bool UseCompressedClassPointers               = true                                 {lp64_product} {ergonomic}
     bool UseCompressedOops                        = true                                 {lp64_product} {ergonomic}
     bool UseG1GC                                  = true                                      {product} {ergonomic}
     bool UseLargePagesIndividualAllocation        = false                                  {pd product} {ergonomic}

Logging:
Log output configuration:
 #0: stdout all=warning uptime,level,tags
 #1: stderr all=off uptime,level,tags

Environment Variables:
JAVA_HOME=D:\Lab\WorkStation\Android\Android Studio\jre
CLASSPATH=D:\Lab\Proy\CU\Dorje\LUISSO-DORJE\generar formulario\form_generator\android\\gradle\wrapper\gradle-wrapper.jar
PATH=C:\Program Files\Common Files\Oracle\Java\javapath;C:\Program Files (x86)\Common Files\Oracle\Java\javapath;C:\Windows\system32;C:\Windows;C:\Windows\System32\Wbem;C:\Windows\System32\WindowsPowerShell\v1.0\;C:\Windows\System32\OpenSSH\;C:\Program Files (x86)\NVIDIA Corporation\PhysX\Common;C:\Program Files\NVIDIA Corporation\NVIDIA NvDLISR;C:\ProgramData\chocolatey\bin;C:\Program Files\TotalCommander2021\Tools\PuTTY\;C:\Program Files\Git\cmd;C:\Program Files\nodejs\;C:\Program Files\Docker\Docker\resources\bin;C:\Users\Ryuuzaki\AppData\Local\Microsoft\WindowsApps;D:\Lab\WorkStation\Android\android-sdk\sdk\tools;D:\Lab\WorkStation\Android\android-sdk\sdk\platform-tools;D:\Lab\WorkStation\Android\Android Studio\bin;D:\Lab\WorkStation\Android\gradle\.gradle;C:\Users\Ryuuzaki\AppData\Roaming\Pub\Cache\bin;D:\Lab\WorkStation\fvm\tools\dart-sdk\bin;C:\tools\dart-sdk\bin;D:\Lab\WorkStation\vsc\Microsoft VS Code\bin;D:\Programas\Servers\USBWebserver v10\php;C:\Users\Ryuuzaki\AppData\Local\GitHubDesktop\bin;C:\Users\Ryuuzaki\AppData\Roaming\npm
USERNAME=Ryuuzaki
OS=Windows_NT
PROCESSOR_IDENTIFIER=Intel64 Family 6 Model 140 Stepping 1, GenuineIntel



---------------  S Y S T E M  ---------------

OS: Windows 11 , 64 bit Build 22000 (10.0.22000.2360)
OS uptime: 1 days 4:31 hours
Hyper-V role detected

CPU:total 8 (initial active 8) (4 cores per cpu, 2 threads per core) family 6 model 140 stepping 1 microcode 0x78, cmov, cx8, fxsr, mmx, sse, sse2, sse3, ssse3, sse4.1, sse4.2, popcnt, avx, avx2, aes, clmul, erms, 3dnowpref, lzcnt, ht, tsc, tscinvbit, bmi1, bmi2, adx, evex, sha, fma

Memory: 4k page, system-wide physical 16183M (2474M free)
TotalPageFile size 19101M (AvailPageFile size 2M)
current process WorkingSet (physical memory assigned to process): 246M, peak: 644M
current process commit charge ("private bytes"): 628M, peak: 690M

vm_info: OpenJDK 64-Bit Server VM (11.0.13+0-b1751.21-8125866) for windows-amd64 JRE (11.0.13+0-b1751.21-8125866), built on Feb  2 2022 03:00:22 by "builder" with MS VC++ 14.0 (VS2015)

END.
